2024-05-18 18:15:04,238 [INFO] Activator:176 - 


2024-05-18 18:15:04,242 [INFO] Activator:177 - !SESSION log4j initialized
2024-05-18 18:15:07,015 [INFO] LogOutputStream:77 - [STDOUT_REDIRECT] 
2024-05-18 18:15:07,345 [ERROR] ConfigurationRetriever:142 - IOException on connection: sw-center.st.com
2024-05-18 18:15:07,345 [ERROR] ConfigurationRetriever:142 - IOException on connection: sw-center.st.com
2024-05-18 18:15:07,345 [ERROR] ConfigurationRetriever:142 - IOException on connection: sw-center.st.com
2024-05-18 18:15:09,760 [INFO] ApplicationProperties:184 - Using Application install path: C:\ST\STM32CubeIDE_1.14.1\STM32CubeIDE\plugins\com.st.stm32cube.common.mx_6.10.0.202311202037
2024-05-18 18:15:09,780 [INFO] DbMcusXml:78 - Set database path to: C:\ST\STM32CubeIDE_1.14.1\STM32CubeIDE\plugins\com.st.stm32cube.common.mx_6.10.0.202311202037\\db\/mcu/
2024-05-18 18:15:09,781 [INFO] ApiDb:274 - Set plugin database path to: C:\ST\STM32CubeIDE_1.14.1\STM32CubeIDE\plugins\com.st.stm32cube.common.mx_6.10.0.202311202037\\db\/plugins/boardmanager/
2024-05-18 18:15:09,781 [WARN] ApiDb:259 - Overriding images path with different value:  => C:\ST\STM32CubeIDE_1.14.1\STM32CubeIDE\plugins\com.st.stm32cube.common.mx_6.10.0.202311202037\\db\/plugins/mcufinder/images/
2024-05-18 18:15:09,788 [INFO] ApiDb:250 - Set database path to: C:\Users\machi\.stmcufinder\plugins\mcufinder//mcu/
2024-05-18 18:15:09,789 [INFO] DbMcusAds:125 - Set database path to: C:\Users\machi\.stmcufinder\plugins\mcufinder//mcu/
2024-05-18 18:15:09,791 [INFO] CrossReferenceDbSqlite:203 - Set database path to: C:\Users\machi\.stmcufinder\plugins\mcufinder//mcu/cs/
2024-05-18 18:15:09,899 [INFO] RulesReader:64 - Compatibility file has been processed (297 Rules)
2024-05-18 18:15:09,991 [INFO] DbMcusXml:78 - Set database path to: C:\ST\STM32CubeIDE_1.14.1\STM32CubeIDE\plugins\com.st.stm32cube.common.mx_6.10.0.202311202037\\db\/mcu/
2024-05-18 18:15:09,991 [INFO] ApiDb:274 - Set plugin database path to: C:\ST\STM32CubeIDE_1.14.1\STM32CubeIDE\plugins\com.st.stm32cube.common.mx_6.10.0.202311202037\\db\/plugins/boardmanager/
2024-05-18 18:15:09,991 [INFO] ApiDb:261 - Set plugin images path to: C:\ST\STM32CubeIDE_1.14.1\STM32CubeIDE\plugins\com.st.stm32cube.common.mx_6.10.0.202311202037\\db\/plugins/mcufinder/images/
2024-05-18 18:15:09,992 [WARN] DbFile:41 - Overriding database path with different value: C:\Users\machi\.stmcufinder\plugins\mcufinder/ => C:\Users\machi\.stmcufinder\plugins\mcufinder
2024-05-18 18:15:09,992 [INFO] ApiDb:250 - Set database path to: C:\Users\machi\.stmcufinder\plugins\mcufinder//mcu/
2024-05-18 18:15:09,992 [WARN] DbFile:41 - Overriding database path with different value: C:\Users\machi\.stmcufinder\plugins\mcufinder/ => C:\Users\machi\.stmcufinder\plugins\mcufinder
2024-05-18 18:15:09,992 [INFO] DbMcusAds:125 - Set database path to: C:\Users\machi\.stmcufinder\plugins\mcufinder//mcu/
2024-05-18 18:15:09,992 [WARN] DbFile:41 - Overriding database path with different value: C:\Users\machi\.stmcufinder\plugins\mcufinder/ => C:\Users\machi\.stmcufinder\plugins\mcufinder
2024-05-18 18:15:09,992 [WARN] DbFile:41 - Overriding database path with different value: C:\Users\machi\.stmcufinder\plugins\mcufinder/ => C:\Users\machi\.stmcufinder\plugins\mcufinder
2024-05-18 18:15:09,992 [INFO] CrossReferenceDbSqlite:203 - Set database path to: C:\Users\machi\.stmcufinder\plugins\mcufinder//mcu/cs/
2024-05-18 18:15:10,086 [INFO] MainPanel:264 - HeapMemory: 268435456
2024-05-18 18:15:10,153 [INFO] DbMcusXml:78 - Set database path to: C:\ST\STM32CubeIDE_1.14.1\STM32CubeIDE\plugins\com.st.stm32cube.common.mx_6.10.0.202311202037\\db\/mcu/
2024-05-18 18:15:10,153 [INFO] ApiDb:274 - Set plugin database path to: C:\ST\STM32CubeIDE_1.14.1\STM32CubeIDE\plugins\com.st.stm32cube.common.mx_6.10.0.202311202037\\db\/plugins/boardmanager/
2024-05-18 18:15:10,153 [INFO] ApiDb:261 - Set plugin images path to: C:\ST\STM32CubeIDE_1.14.1\STM32CubeIDE\plugins\com.st.stm32cube.common.mx_6.10.0.202311202037\\db\/plugins/mcufinder/images/
2024-05-18 18:15:10,153 [WARN] DbFile:41 - Overriding database path with different value: C:\Users\machi\.stmcufinder\plugins\mcufinder/ => C:\Users\machi\.stmcufinder\plugins\mcufinder
2024-05-18 18:15:10,154 [INFO] ApiDb:250 - Set database path to: C:\Users\machi\.stmcufinder\plugins\mcufinder//mcu/
2024-05-18 18:15:10,154 [WARN] DbFile:41 - Overriding database path with different value: C:\Users\machi\.stmcufinder\plugins\mcufinder/ => C:\Users\machi\.stmcufinder\plugins\mcufinder
2024-05-18 18:15:10,154 [INFO] DbMcusAds:125 - Set database path to: C:\Users\machi\.stmcufinder\plugins\mcufinder//mcu/
2024-05-18 18:15:10,154 [WARN] DbFile:41 - Overriding database path with different value: C:\Users\machi\.stmcufinder\plugins\mcufinder/ => C:\Users\machi\.stmcufinder\plugins\mcufinder
2024-05-18 18:15:10,154 [WARN] DbFile:41 - Overriding database path with different value: C:\Users\machi\.stmcufinder\plugins\mcufinder/ => C:\Users\machi\.stmcufinder\plugins\mcufinder
2024-05-18 18:15:10,154 [INFO] CrossReferenceDbSqlite:203 - Set database path to: C:\Users\machi\.stmcufinder\plugins\mcufinder//mcu/cs/
2024-05-18 18:15:10,173 [INFO] ApplicationProperties:184 - Using Application install path: C:\ST\STM32CubeIDE_1.14.1\STM32CubeIDE\plugins\com.st.stm32cube.common.mx_6.10.0.202311202037
2024-05-18 18:15:10,174 [INFO] PluginManage:196 - Search for loadable plugins [exclusion list=, ]
2024-05-18 18:15:10,175 [INFO] PluginManage:310 - Check plugin analytics
2024-05-18 18:15:10,490 [INFO] AnalyticsPlugin:253 - Accepted Software Licenses: STM32CubeMX.6.4.0,STM32CubeMX.6.0.1,STM32CubeMX.6.10.0
2024-05-18 18:15:10,491 [INFO] AnalyticsPlugin:255 - Accepted CMSIS Pack Licenses: 
2024-05-18 18:15:10,492 [INFO] AnalyticsPlugin:257 - Accepted Firmware Licenses: FW.F4.1.27.0,FW.F4.1.28.0
2024-05-18 18:15:10,497 [ERROR] ConfigurationRetriever:142 - IOException on connection: sw-center.st.com
2024-05-18 18:15:10,498 [INFO] PluginManage:359 - Loaded plugin analytics (category:tool,tabindex:-1)
2024-05-18 18:15:10,498 [ERROR] ConfigurationRetriever:142 - IOException on connection: sw-center.st.com
2024-05-18 18:15:10,498 [INFO] PluginManage:310 - Check plugin cadmodel
2024-05-18 18:15:10,498 [ERROR] ConfigurationRetriever:142 - IOException on connection: sw-center.st.com
2024-05-18 18:15:10,504 [INFO] CADModel:105 - Init CAD model plugin
2024-05-18 18:15:10,505 [INFO] PluginManage:359 - Loaded plugin cadmodel (category:power,tabindex:5)
2024-05-18 18:15:10,505 [INFO] PluginManage:310 - Check plugin clock
2024-05-18 18:15:10,520 [INFO] PluginManage:359 - Loaded plugin clock (category:base,tabindex:2)
2024-05-18 18:15:10,521 [INFO] PluginManage:310 - Check plugin ddr
2024-05-18 18:15:10,526 [INFO] PluginManage:359 - Loaded plugin ddr (category:tool,tabindex:6)
2024-05-18 18:15:10,526 [INFO] PluginManage:310 - Check plugin filemanager
2024-05-18 18:15:10,765 [INFO] PluginManage:359 - Loaded plugin filemanager (category:base,tabindex:10)
2024-05-18 18:15:10,767 [INFO] PluginManage:310 - Check plugin ipmanager
2024-05-18 18:15:10,782 [INFO] PluginManage:359 - Loaded plugin ipmanager (category:base,tabindex:5)
2024-05-18 18:15:10,783 [INFO] PluginManage:310 - Check plugin lpbam
2024-05-18 18:15:10,795 [INFO] PluginManage:359 - Loaded plugin lpbam (category:base,tabindex:0)
2024-05-18 18:15:10,795 [INFO] PluginManage:310 - Check plugin memorymap
2024-05-18 18:15:10,819 [INFO] PluginManage:359 - Loaded plugin memorymap (category:base,tabindex:4)
2024-05-18 18:15:10,819 [INFO] PluginManage:310 - Check plugin pinoutandconfiguration
2024-05-18 18:15:10,835 [INFO] PluginManage:359 - Loaded plugin pinoutandconfiguration (category:base,tabindex:1)
2024-05-18 18:15:10,836 [INFO] PluginManage:310 - Check plugin pinoutconfig
2024-05-18 18:15:10,996 [WARN] SupportedApi:132 - Cannot load RTOS API schema: s4s-elt-must-match.1: The content of 'definitions' must match (annotation?, (simpleType | complexType)?, (unique | key | keyref)*)). A problem was found starting at: attribute.
2024-05-18 18:15:11,236 [INFO] PluginManage:359 - Loaded plugin pinoutconfig (category:base,tabindex:0)
2024-05-18 18:15:11,243 [INFO] PluginManage:310 - Check plugin power
2024-05-18 18:15:11,258 [INFO] PluginManage:359 - Loaded plugin power (category:power,tabindex:4)
2024-05-18 18:15:11,259 [INFO] PluginManage:310 - Check plugin projectmanager
2024-05-18 18:15:11,294 [INFO] PluginManage:359 - Loaded plugin projectmanager (category:projectmanager,tabindex:3)
2024-05-18 18:15:11,294 [INFO] PluginManage:310 - Check plugin thirdparty
2024-05-18 18:15:11,489 [INFO] PluginManage:359 - Loaded plugin thirdparty (category:base,tabindex:-1)
2024-05-18 18:15:11,488 [WARN] IntegrityCheckThread:84 - waiting for thirdparty lock release [integrity check]
2024-05-18 18:15:11,489 [INFO] PluginManage:310 - Check plugin tools
2024-05-18 18:15:11,489 [INFO] IntegrityCheckThread:86 - entering critical section [integrity check]
2024-05-18 18:15:11,490 [INFO] ThirdPartyUpdaterWithRetryManager:70 - Updater plugin not ready yet. [1/15]
2024-05-18 18:15:11,493 [INFO] PluginManage:359 - Loaded plugin tools (category:base,tabindex:7)
2024-05-18 18:15:11,494 [INFO] PluginManage:310 - Check plugin tutovideos
2024-05-18 18:15:11,759 [INFO] PluginManage:359 - Loaded plugin tutovideos (category:base,tabindex:-1)
2024-05-18 18:15:11,760 [INFO] PluginManage:310 - Check plugin updater
2024-05-18 18:15:11,778 [INFO] PluginManage:359 - Loaded plugin updater (category:base,tabindex:12)
2024-05-18 18:15:11,779 [INFO] PluginManage:310 - Check plugin userauth
2024-05-18 18:15:11,786 [INFO] UserAuth:114 - Init User Auth plugin
2024-05-18 18:15:11,786 [INFO] PluginManage:359 - Loaded plugin userauth (category:base,tabindex:14)
2024-05-18 18:15:11,787 [INFO] PluginManage:283 - PluginManage : Loaded plugins [17]
2024-05-18 18:15:12,123 [INFO] PinOutPanel:1499 - setPackage(No Configuration,No Configuration)
2024-05-18 18:15:12,256 [INFO] CADModel:165 - CPN selected for project level
2024-05-18 18:15:12,256 [INFO] CADModel:114 - Register for checkConnection events
2024-05-18 18:15:12,280 [INFO] IPUIPlugin:80 - create IPUIPlugin
2024-05-18 18:15:12,280 [INFO] PluginManager:220 - loadIPPluginJar : add adc
2024-05-18 18:15:12,285 [INFO] IPUIPlugin:80 - create IPUIPlugin
2024-05-18 18:15:12,285 [INFO] PluginManager:220 - loadIPPluginJar : add aes
2024-05-18 18:15:12,290 [INFO] IPUIPlugin:80 - create IPUIPlugin
2024-05-18 18:15:12,290 [INFO] PluginManager:220 - loadIPPluginJar : add can
2024-05-18 18:15:12,293 [INFO] IPUIPlugin:80 - create IPUIPlugin
2024-05-18 18:15:12,293 [INFO] PluginManager:220 - loadIPPluginJar : add comp
2024-05-18 18:15:12,297 [INFO] IPUIPlugin:80 - create IPUIPlugin
2024-05-18 18:15:12,298 [INFO] PluginManager:220 - loadIPPluginJar : add cryp
2024-05-18 18:15:12,302 [INFO] IPUIPlugin:80 - create IPUIPlugin
2024-05-18 18:15:12,302 [INFO] PluginManager:220 - loadIPPluginJar : add dfsdm
2024-05-18 18:15:12,312 [INFO] IPUIPlugin:80 - create IPUIPlugin
2024-05-18 18:15:12,313 [INFO] PluginManager:220 - loadIPPluginJar : add dma
2024-05-18 18:15:12,317 [INFO] IPUIPlugin:80 - create IPUIPlugin
2024-05-18 18:15:12,317 [INFO] PluginManager:220 - loadIPPluginJar : add dma3
2024-05-18 18:15:12,321 [INFO] IPUIPlugin:80 - create IPUIPlugin
2024-05-18 18:15:12,321 [INFO] PluginManager:220 - loadIPPluginJar : add fatfs
2024-05-18 18:15:12,329 [INFO] IPUIPlugin:80 - create IPUIPlugin
2024-05-18 18:15:12,329 [INFO] PluginManager:220 - loadIPPluginJar : add fmc
2024-05-18 18:15:12,340 [INFO] IPUIPlugin:80 - create IPUIPlugin
2024-05-18 18:15:12,340 [INFO] PluginManager:220 - loadIPPluginJar : add freertos
2024-05-18 18:15:12,343 [INFO] IPUIPlugin:80 - create IPUIPlugin
2024-05-18 18:15:12,343 [INFO] PluginManager:220 - loadIPPluginJar : add genericplugin
2024-05-18 18:15:12,346 [INFO] IPUIPlugin:80 - create IPUIPlugin
2024-05-18 18:15:12,347 [INFO] PluginManager:220 - loadIPPluginJar : add gfxmmu
2024-05-18 18:15:12,355 [INFO] IPUIPlugin:80 - create IPUIPlugin
2024-05-18 18:15:12,355 [INFO] PluginManager:220 - loadIPPluginJar : add gic
2024-05-18 18:15:12,362 [INFO] IPUIPlugin:80 - create IPUIPlugin
2024-05-18 18:15:12,362 [INFO] PluginManager:220 - loadIPPluginJar : add gpio
2024-05-18 18:15:12,366 [INFO] IPUIPlugin:80 - create IPUIPlugin
2024-05-18 18:15:12,366 [INFO] PluginManager:220 - loadIPPluginJar : add gtzc
2024-05-18 18:15:12,370 [INFO] IPUIPlugin:80 - create IPUIPlugin
2024-05-18 18:15:12,371 [INFO] PluginManager:220 - loadIPPluginJar : add hash
2024-05-18 18:15:12,375 [INFO] IPUIPlugin:80 - create IPUIPlugin
2024-05-18 18:15:12,375 [INFO] PluginManager:220 - loadIPPluginJar : add i2c
2024-05-18 18:15:12,379 [INFO] IPUIPlugin:80 - create IPUIPlugin
2024-05-18 18:15:12,379 [INFO] PluginManager:220 - loadIPPluginJar : add i2s
2024-05-18 18:15:12,384 [INFO] IPUIPlugin:80 - create IPUIPlugin
2024-05-18 18:15:12,384 [INFO] PluginManager:220 - loadIPPluginJar : add i3c
2024-05-18 18:15:12,390 [INFO] IPUIPlugin:80 - create IPUIPlugin
2024-05-18 18:15:12,390 [INFO] PluginManager:220 - loadIPPluginJar : add ipddr
2024-05-18 18:15:12,400 [INFO] IPUIPlugin:80 - create IPUIPlugin
2024-05-18 18:15:12,401 [INFO] PluginManager:220 - loadIPPluginJar : add linkedlist
2024-05-18 18:15:12,405 [INFO] IPUIPlugin:80 - create IPUIPlugin
2024-05-18 18:15:12,405 [INFO] PluginManager:220 - loadIPPluginJar : add lorawan
2024-05-18 18:15:12,408 [INFO] IPUIPlugin:80 - create IPUIPlugin
2024-05-18 18:15:12,408 [INFO] PluginManager:220 - loadIPPluginJar : add ltdc
2024-05-18 18:15:12,417 [INFO] IPUIPlugin:80 - create IPUIPlugin
2024-05-18 18:15:12,417 [INFO] PluginManager:220 - loadIPPluginJar : add mdma
2024-05-18 18:15:12,422 [INFO] IPUIPlugin:80 - create IPUIPlugin
2024-05-18 18:15:12,423 [INFO] PluginManager:220 - loadIPPluginJar : add nvic
2024-05-18 18:15:12,427 [INFO] IPUIPlugin:80 - create IPUIPlugin
2024-05-18 18:15:12,427 [INFO] PluginManager:220 - loadIPPluginJar : add opamp
2024-05-18 18:15:12,432 [INFO] IPUIPlugin:80 - create IPUIPlugin
2024-05-18 18:15:12,433 [INFO] PluginManager:220 - loadIPPluginJar : add openamp
2024-05-18 18:15:12,439 [INFO] IPUIPlugin:80 - create IPUIPlugin
2024-05-18 18:15:12,439 [INFO] PluginManager:220 - loadIPPluginJar : add pdm2pcm
2024-05-18 18:15:12,451 [INFO] IPUIPlugin:80 - create IPUIPlugin
2024-05-18 18:15:12,455 [INFO] PluginManager:220 - loadIPPluginJar : add plateformsettings
2024-05-18 18:15:12,458 [INFO] IPUIPlugin:80 - create IPUIPlugin
2024-05-18 18:15:12,459 [INFO] PluginManager:220 - loadIPPluginJar : add quadspi
2024-05-18 18:15:12,464 [INFO] IPUIPlugin:80 - create IPUIPlugin
2024-05-18 18:15:12,465 [INFO] PluginManager:220 - loadIPPluginJar : add resmgrutility
2024-05-18 18:15:12,470 [INFO] IPUIPlugin:80 - create IPUIPlugin
2024-05-18 18:15:12,471 [INFO] PluginManager:220 - loadIPPluginJar : add sai
2024-05-18 18:15:12,475 [INFO] IPUIPlugin:80 - create IPUIPlugin
2024-05-18 18:15:12,476 [INFO] PluginManager:220 - loadIPPluginJar : add spi
2024-05-18 18:15:12,485 [INFO] IPUIPlugin:80 - create IPUIPlugin
2024-05-18 18:15:12,486 [INFO] PluginManager:220 - loadIPPluginJar : add stm32_wpan
2024-05-18 18:15:12,489 [INFO] IPUIPlugin:80 - create IPUIPlugin
2024-05-18 18:15:12,489 [INFO] PluginManager:220 - loadIPPluginJar : add tim
2024-05-18 18:15:12,496 [INFO] IPUIPlugin:80 - create IPUIPlugin
2024-05-18 18:15:12,496 [INFO] PluginManager:220 - loadIPPluginJar : add touchsensing
2024-05-18 18:15:12,500 [INFO] IPUIPlugin:80 - create IPUIPlugin
2024-05-18 18:15:12,501 [INFO] PluginManager:220 - loadIPPluginJar : add tracer_emb
2024-05-18 18:15:12,505 [INFO] IPUIPlugin:80 - create IPUIPlugin
2024-05-18 18:15:12,505 [INFO] PluginManager:220 - loadIPPluginJar : add ts
2024-05-18 18:15:12,508 [INFO] IPUIPlugin:80 - create IPUIPlugin
2024-05-18 18:15:12,509 [INFO] PluginManager:220 - loadIPPluginJar : add tsc
2024-05-18 18:15:12,512 [INFO] IPUIPlugin:80 - create IPUIPlugin
2024-05-18 18:15:12,512 [INFO] PluginManager:220 - loadIPPluginJar : add ucpd
2024-05-18 18:15:12,516 [INFO] IPUIPlugin:80 - create IPUIPlugin
2024-05-18 18:15:12,516 [INFO] PluginManager:220 - loadIPPluginJar : add usart
2024-05-18 18:15:12,521 [INFO] IPUIPlugin:80 - create IPUIPlugin
2024-05-18 18:15:12,521 [INFO] PluginManager:220 - loadIPPluginJar : add usbx
2024-05-18 18:15:12,706 [INFO] CADModel:165 - CPN selected for project level
2024-05-18 18:15:12,707 [INFO] CADModel:114 - Register for checkConnection events
2024-05-18 18:15:12,707 [FATAL] Updater:308 - Updater called before beeing initialized
2024-05-18 18:15:12,708 [ERROR] CADModel:125 - Updater not yet initialized, retry later 
2024-05-18 18:15:12,943 [INFO] CADModel:165 - CPN selected for project level
2024-05-18 18:15:12,943 [INFO] CADModel:114 - Register for checkConnection events
2024-05-18 18:15:12,943 [FATAL] Updater:308 - Updater called before beeing initialized
2024-05-18 18:15:12,943 [ERROR] CADModel:125 - Updater not yet initialized, retry later 
2024-05-18 18:15:12,947 [FATAL] Updater:308 - Updater called before beeing initialized
2024-05-18 18:15:13,141 [FATAL] Updater:308 - Updater called before beeing initialized
2024-05-18 18:15:13,147 [INFO] DbMcusAds:53 - JSON generation date=Wed Nov 29 19:52:27 KST 2023 (1701255147349)
2024-05-18 18:15:13,148 [FATAL] Updater:308 - Updater called before beeing initialized
2024-05-18 18:15:13,211 [WARN] DetailPanel:346 - Failed to get advertising image, set to default
2024-05-18 18:15:13,387 [FATAL] Updater:308 - Updater called before beeing initialized
2024-05-18 18:15:13,389 [FATAL] Updater:308 - Updater called before beeing initialized
2024-05-18 18:15:13,389 [FATAL] Updater:308 - Updater called before beeing initialized
2024-05-18 18:15:13,390 [WARN] DetailPanel:346 - Failed to get advertising image, set to default
2024-05-18 18:15:13,391 [FATAL] Updater:308 - Updater called before beeing initialized
2024-05-18 18:15:13,482 [ERROR] Updater:1120 - MainUpdater not yet initialized. External WinMGr cannot be set.
2024-05-18 18:15:13,485 [INFO] Updater:1056 - Updater Version found : 6.10.0
2024-05-18 18:15:13,516 [INFO] ApplicationProperties:184 - Using Application install path: C:\ST\STM32CubeIDE_1.14.1\STM32CubeIDE\plugins\com.st.stm32cube.common.mx_6.10.0.202311202037
2024-05-18 18:15:13,891 [INFO] MainUpdater:2873 - connection check result : 22
2024-05-18 18:15:13,892 [INFO] MainUpdater:290 - Updater Check For Update Now.
2024-05-18 18:15:13,893 [INFO] MicroXplorer:498 - Change Database Version : DB.6.0.100
2024-05-18 18:15:13,902 [INFO] McuFinderGlobals:63 - Set McuFinder mode to 2 (CubeIDE integrated)
2024-05-18 18:15:14,009 [INFO] UserAuth:404 - Internet connection configuration mode: 2
2024-05-18 18:15:14,129 [INFO] CheckServerUpdateThread:120 - End of CheckServer Thread
2024-05-18 18:15:14,799 [WARN] PackLoader:240 - Cannot read IP mode file for STMicroelectronics.FP-SNS-MOTENVWB1.1.4.0
2024-05-18 18:15:14,815 [WARN] PackLoader:240 - Cannot read IP mode file for STMicroelectronics.X-CUBE-SMBUS.2.1.0
2024-05-18 18:15:14,822 [WARN] PackLoader:240 - Cannot read IP mode file for STMicroelectronics.X-CUBE-TOUCHGFX.4.23.0
2024-05-18 18:15:14,825 [WARN] PackLoader:240 - Cannot read IP mode file for STMicroelectronics.X-CUBE-TOUCHGFX.4.23.2
2024-05-18 18:15:14,875 [WARN] PackLoader:240 - Cannot read IP mode file for STMicroelectronics.X-CUBE-AZRTOS-F7.1.1.0
2024-05-18 18:15:14,892 [WARN] PackLoader:240 - Cannot read IP mode file for STMicroelectronics.FP-SNS-MOTENV1.4.3.2
2024-05-18 18:15:14,901 [WARN] PackLoader:240 - Cannot read IP mode file for STMicroelectronics.FP-SNS-FLIGHT1.5.0.2
2024-05-18 18:15:14,913 [WARN] PackLoader:240 - Cannot read IP mode file for STMicroelectronics.X-CUBE-DISPLAY.3.0.0
2024-05-18 18:15:14,927 [WARN] PackLoader:240 - Cannot read IP mode file for STMicroelectronics.X-CUBE-BLE1.7.0.0
2024-05-18 18:15:14,935 [WARN] PackLoader:240 - Cannot read IP mode file for emotas.I-CUBE-CANOPEN.1.3.0
2024-05-18 18:15:14,953 [WARN] PackLoader:240 - Cannot read IP mode file for STMicroelectronics.X-CUBE-BLEMGR.3.1.0
2024-05-18 18:15:14,962 [WARN] PackLoader:240 - Cannot read IP mode file for STMicroelectronics.FP-SNS-SMARTAG2.1.2.0
2024-05-18 18:15:14,977 [INFO] LogOutputStream:77 - [STDOUT_REDIRECT] 1 : Invalid condition id : UX_CORESTACK_Condition cause : null
2024-05-18 18:15:14,977 [INFO] LogOutputStream:77 - [STDOUT_REDIRECT] 1 : Invalid condition id : UX_CORESTACK_Condition cause : null
2024-05-18 18:15:14,979 [INFO] LogOutputStream:77 - [STDOUT_REDIRECT] 1 : Invalid condition id : UX_CORESTACK_Condition cause : null
2024-05-18 18:15:14,981 [INFO] LogOutputStream:77 - [STDOUT_REDIRECT] 1 : Invalid condition id : UX_CORESTACK_Condition cause : null
2024-05-18 18:15:14,982 [INFO] LogOutputStream:77 - [STDOUT_REDIRECT] 1 : Invalid condition id : UX_CORESTACK_Condition cause : null
2024-05-18 18:15:14,986 [WARN] PackLoader:240 - Cannot read IP mode file for STMicroelectronics.X-CUBE-AZRTOS-WL.2.0.0
2024-05-18 18:15:14,993 [WARN] PackLoader:240 - Cannot read IP mode file for STMicroelectronics.FP-SNS-MOTENV1.5.0.0
2024-05-18 18:15:15,004 [WARN] PackLoader:240 - Cannot read IP mode file for WES.I-CUBE-Cesium.1.3.0
2024-05-18 18:15:15,010 [WARN] PackLoader:240 - Cannot read IP mode file for STMicroelectronics.X-CUBE-BLE2.3.3.0
2024-05-18 18:15:15,017 [WARN] PackLoader:240 - Cannot read IP mode file for STMicroelectronics.X-CUBE-TCPP.4.1.0
2024-05-18 18:15:15,027 [WARN] PackLoader:240 - Cannot read IP mode file for STMicroelectronics.X-CUBE-ALGOBUILD.1.3.0
2024-05-18 18:15:15,049 [WARN] PackLoader:240 - Cannot read IP mode file for STMicroelectronics.X-CUBE-AZRTOS-G0.1.1.0
2024-05-18 18:15:15,064 [WARN] PackLoader:240 - Cannot read IP mode file for STMicroelectronics.X-CUBE-SAFEA1.1.2.2
2024-05-18 18:15:15,074 [WARN] PackLoader:240 - Cannot read IP mode file for STMicroelectronics.X-CUBE-NFC4.3.0.0
2024-05-18 18:15:15,089 [WARN] PackLoader:240 - Cannot read IP mode file for STMicroelectronics.X-CUBE-BLEMGR.3.0.0
2024-05-18 18:15:15,099 [WARN] PackLoader:240 - Cannot read IP mode file for STMicroelectronics.FP-ATR-SIGFOX1.3.2.0
2024-05-18 18:15:15,111 [WARN] PackLoader:240 - Cannot read IP mode file for STMicroelectronics.X-CUBE-EEPRMA1.5.1.0
2024-05-18 18:15:15,161 [WARN] PackLoader:240 - Cannot read IP mode file for SEGGER.I-CUBE-embOS.1.3.1
2024-05-18 18:15:15,224 [WARN] PackLoader:240 - Cannot read IP mode file for STMicroelectronics.X-CUBE-GNSS1.6.0.0
2024-05-18 18:15:15,242 [WARN] PackLoader:240 - Cannot read IP mode file for STMicroelectronics.X-CUBE-AZRTOS-F4.1.1.0
2024-05-18 18:15:15,250 [WARN] PackLoader:240 - Cannot read IP mode file for STMicroelectronics.X-CUBE-FREERTOS.1.2.0
2024-05-18 18:15:15,256 [WARN] PackLoader:240 - Cannot read IP mode file for wolfSSL.I-CUBE-wolfSSL.5.6.6
2024-05-18 18:15:15,274 [WARN] PackLoader:240 - Cannot read IP mode file for STMicroelectronics.X-CUBE-AZRTOS-L5.2.0.0
2024-05-18 18:15:15,287 [WARN] PackLoader:240 - Cannot read IP mode file for STMicroelectronics.X-CUBE-NFC6.3.1.0
2024-05-18 18:15:15,298 [WARN] PackLoader:240 - Cannot read IP mode file for ITTIA_DB.I-CUBE-ITTIADB.8.8.0
2024-05-18 18:15:15,303 [WARN] PackLoader:240 - Cannot read IP mode file for STMicroelectronics.X-CUBE-AI.9.0.0
2024-05-18 18:15:15,310 [WARN] PackLoader:240 - Cannot read IP mode file for STMicroelectronics.X-CUBE-NFC7.1.0.1
2024-05-18 18:15:15,318 [WARN] PackLoader:240 - Cannot read IP mode file for STMicroelectronics.X-CUBE-NFC6.3.0.0
2024-05-18 18:15:15,324 [WARN] PackLoader:240 - Cannot read IP mode file for STMicroelectronics.X-CUBE-AI.8.1.0
2024-05-18 18:15:15,342 [WARN] ConditionMgr:438 - getConditionDescription Invalid condition id : LAN8742 Phy interface Condition cause : null
2024-05-18 18:15:15,343 [WARN] PackLoader:240 - Cannot read IP mode file for STMicroelectronics.X-CUBE-AZRTOS-L4.2.0.0
2024-05-18 18:15:15,344 [WARN] ConditionMgr:1039 - genDependencies : Invalid condition id : LAN8742 Phy interface Condition cause : null
2024-05-18 18:15:15,344 [WARN] ConditionMgr:1039 - genDependencies : Invalid condition id : LAN8742 Phy interface Condition cause : null
2024-05-18 18:15:15,345 [WARN] ConditionMgr:1039 - genDependencies : Invalid condition id : LAN8742 Phy interface Condition cause : null
2024-05-18 18:15:15,352 [WARN] PackLoader:240 - Cannot read IP mode file for STMicroelectronics.X-CUBE-SFXS2LP1.4.0.0
2024-05-18 18:15:15,368 [WARN] ConditionMgr:438 - getConditionDescription Invalid condition id : UX DEVICE CLASS RTOS Condition cause : null
2024-05-18 18:15:15,368 [WARN] ConditionMgr:438 - getConditionDescription Invalid condition id : UX DEVICE CLASS RTOS Condition cause : null
2024-05-18 18:15:15,371 [WARN] PackLoader:240 - Cannot read IP mode file for STMicroelectronics.X-CUBE-AZRTOS-WB.2.0.0
2024-05-18 18:15:15,372 [WARN] ConditionMgr:1039 - genDependencies : Invalid condition id : UX DEVICE CLASS RTOS Condition cause : null
2024-05-18 18:15:15,372 [WARN] ConditionMgr:1039 - genDependencies : Invalid condition id : UX DEVICE CLASS RTOS Condition cause : null
2024-05-18 18:15:15,373 [WARN] ConditionMgr:1039 - genDependencies : Invalid condition id : UX DEVICE CLASS RTOS Condition cause : null
2024-05-18 18:15:15,373 [WARN] ConditionMgr:1039 - genDependencies : Invalid condition id : UX DEVICE CLASS RTOS Condition cause : null
2024-05-18 18:15:15,373 [WARN] ConditionMgr:1039 - genDependencies : Invalid condition id : UX DEVICE CLASS RTOS Condition cause : null
2024-05-18 18:15:15,386 [WARN] PackLoader:240 - Cannot read IP mode file for STMicroelectronics.X-CUBE-SUBG2.5.0.0
2024-05-18 18:15:15,415 [WARN] PackLoader:240 - Cannot read IP mode file for STMicroelectronics.X-CUBE-AZRTOS-G4.2.0.0
2024-05-18 18:15:15,431 [WARN] PackLoader:240 - Cannot read IP mode file for Infineon.AIROC-Wi-Fi-Bluetooth-STM32.1.5.1
2024-05-18 18:15:15,438 [WARN] PackLoader:240 - Cannot read IP mode file for STMicroelectronics.FP-SNS-MOTENVWB1.1.3.1
2024-05-18 18:15:15,444 [WARN] PackLoader:240 - Cannot read IP mode file for STMicroelectronics.X-CUBE-ISPU.2.0.0
2024-05-18 18:15:15,495 [WARN] PackLoader:240 - Cannot read IP mode file for STMicroelectronics.X-CUBE-MEMS1.10.0.0
2024-05-18 18:15:15,641 [WARN] PackLoader:240 - Cannot read IP mode file for STMicroelectronics.X-CUBE-FREERTOS.1.1.0
2024-05-18 18:15:15,648 [WARN] PackLoader:240 - Cannot read IP mode file for portGmbH.I-Cube-SoM-uGOAL.1.1.0
2024-05-18 18:15:15,653 [WARN] PackLoader:240 - Cannot read IP mode file for STMicroelectronics.X-CUBE-ALS.1.0.1
2024-05-18 18:15:15,674 [WARN] PackLoader:240 - Cannot read IP mode file for STMicroelectronics.X-CUBE-AZRTOS-H7RS.1.0.0
2024-05-18 18:15:15,683 [WARN] PackLoader:240 - Cannot read IP mode file for STMicroelectronics.FP-ATR-ASTRA1.2.0.0
2024-05-18 18:15:15,697 [WARN] PackLoader:240 - Cannot read IP mode file for STMicroelectronics.X-CUBE-TOF1.3.4.0
2024-05-18 18:15:15,722 [WARN] PackLoader:240 - Cannot read IP mode file for STMicroelectronics.X-CUBE-TOF1.3.4.1
2024-05-18 18:15:15,760 [WARN] PackLoader:240 - Cannot read IP mode file for STMicroelectronics.X-CUBE-AZRTOS-H7.3.2.0
2024-05-18 18:15:15,764 [INFO] ThirdParty:978 - Integrity check success = true
2024-05-18 18:15:15,765 [INFO] IntegrityCheckThread:100 - exiting critical section [integrity check]
2024-05-18 18:15:15,765 [INFO] IntegrityCheckThread:103 - End integrity checks thread
2024-05-18 18:15:34,564 [ERROR] LogOutputStream:75 - [STDERR_REDIRECT] SLF4J: Failed to load class "org.slf4j.impl.StaticLoggerBinder".
2024-05-18 18:15:34,564 [ERROR] LogOutputStream:75 - [STDERR_REDIRECT] SLF4J: Defaulting to no-operation (NOP) logger implementation
2024-05-18 18:15:34,566 [ERROR] LogOutputStream:75 - [STDERR_REDIRECT] SLF4J: See http://www.slf4j.org/codes.html#StaticLoggerBinder for further details.
2024-05-18 18:16:00,530 [ERROR] ConfigurationRetriever:142 - IOException on connection: sw-center.st.com
2024-05-18 18:16:00,531 [ERROR] ConfigurationRetriever:142 - IOException on connection: sw-center.st.com
2024-05-18 18:16:00,531 [ERROR] ConfigurationRetriever:142 - IOException on connection: sw-center.st.com
