2024-03-19 20:02:59,919 [INFO] Activator:176 - 


2024-03-19 20:02:59,926 [INFO] Activator:177 - !SESSION log4j initialized
2024-03-19 20:03:06,494 [INFO] LogOutputStream:77 - [STDOUT_REDIRECT] 
2024-03-19 20:03:08,491 [INFO] ApplicationProperties:184 - Using Application install path: C:\ST\STM32CubeIDE_1.14.1\STM32CubeIDE\plugins\com.st.stm32cube.common.mx_6.10.0.202311202037
2024-03-19 20:03:08,520 [INFO] DbMcusXml:78 - Set database path to: C:\ST\STM32CubeIDE_1.14.1\STM32CubeIDE\plugins\com.st.stm32cube.common.mx_6.10.0.202311202037\\db\/mcu/
2024-03-19 20:03:08,521 [INFO] ApiDb:274 - Set plugin database path to: C:\ST\STM32CubeIDE_1.14.1\STM32CubeIDE\plugins\com.st.stm32cube.common.mx_6.10.0.202311202037\\db\/plugins/boardmanager/
2024-03-19 20:03:08,521 [WARN] ApiDb:259 - Overriding images path with different value:  => C:\ST\STM32CubeIDE_1.14.1\STM32CubeIDE\plugins\com.st.stm32cube.common.mx_6.10.0.202311202037\\db\/plugins/mcufinder/images/
2024-03-19 20:03:08,537 [INFO] ApiDb:250 - Set database path to: C:\Users\orion\.stmcufinder\plugins\mcufinder//mcu/
2024-03-19 20:03:08,538 [INFO] DbMcusAds:125 - Set database path to: C:\Users\orion\.stmcufinder\plugins\mcufinder//mcu/
2024-03-19 20:03:08,541 [INFO] CrossReferenceDbSqlite:203 - Set database path to: C:\Users\orion\.stmcufinder\plugins\mcufinder//mcu/cs/
2024-03-19 20:03:08,718 [INFO] RulesReader:64 - Compatibility file has been processed (297 Rules)
2024-03-19 20:03:08,868 [INFO] DbMcusXml:78 - Set database path to: C:\ST\STM32CubeIDE_1.14.1\STM32CubeIDE\plugins\com.st.stm32cube.common.mx_6.10.0.202311202037\\db\/mcu/
2024-03-19 20:03:08,868 [INFO] ApiDb:274 - Set plugin database path to: C:\ST\STM32CubeIDE_1.14.1\STM32CubeIDE\plugins\com.st.stm32cube.common.mx_6.10.0.202311202037\\db\/plugins/boardmanager/
2024-03-19 20:03:08,868 [INFO] ApiDb:261 - Set plugin images path to: C:\ST\STM32CubeIDE_1.14.1\STM32CubeIDE\plugins\com.st.stm32cube.common.mx_6.10.0.202311202037\\db\/plugins/mcufinder/images/
2024-03-19 20:03:08,869 [WARN] DbFile:41 - Overriding database path with different value: C:\Users\orion\.stmcufinder\plugins\mcufinder/ => C:\Users\orion\.stmcufinder\plugins\mcufinder
2024-03-19 20:03:08,869 [INFO] ApiDb:250 - Set database path to: C:\Users\orion\.stmcufinder\plugins\mcufinder//mcu/
2024-03-19 20:03:08,869 [WARN] DbFile:41 - Overriding database path with different value: C:\Users\orion\.stmcufinder\plugins\mcufinder/ => C:\Users\orion\.stmcufinder\plugins\mcufinder
2024-03-19 20:03:08,869 [INFO] DbMcusAds:125 - Set database path to: C:\Users\orion\.stmcufinder\plugins\mcufinder//mcu/
2024-03-19 20:03:08,869 [WARN] DbFile:41 - Overriding database path with different value: C:\Users\orion\.stmcufinder\plugins\mcufinder/ => C:\Users\orion\.stmcufinder\plugins\mcufinder
2024-03-19 20:03:08,869 [WARN] DbFile:41 - Overriding database path with different value: C:\Users\orion\.stmcufinder\plugins\mcufinder/ => C:\Users\orion\.stmcufinder\plugins\mcufinder
2024-03-19 20:03:08,870 [INFO] CrossReferenceDbSqlite:203 - Set database path to: C:\Users\orion\.stmcufinder\plugins\mcufinder//mcu/cs/
2024-03-19 20:03:08,970 [INFO] MainPanel:264 - HeapMemory: 268435456
2024-03-19 20:03:09,055 [INFO] DbMcusXml:78 - Set database path to: C:\ST\STM32CubeIDE_1.14.1\STM32CubeIDE\plugins\com.st.stm32cube.common.mx_6.10.0.202311202037\\db\/mcu/
2024-03-19 20:03:09,056 [INFO] ApiDb:274 - Set plugin database path to: C:\ST\STM32CubeIDE_1.14.1\STM32CubeIDE\plugins\com.st.stm32cube.common.mx_6.10.0.202311202037\\db\/plugins/boardmanager/
2024-03-19 20:03:09,056 [INFO] ApiDb:261 - Set plugin images path to: C:\ST\STM32CubeIDE_1.14.1\STM32CubeIDE\plugins\com.st.stm32cube.common.mx_6.10.0.202311202037\\db\/plugins/mcufinder/images/
2024-03-19 20:03:09,056 [WARN] DbFile:41 - Overriding database path with different value: C:\Users\orion\.stmcufinder\plugins\mcufinder/ => C:\Users\orion\.stmcufinder\plugins\mcufinder
2024-03-19 20:03:09,056 [INFO] ApiDb:250 - Set database path to: C:\Users\orion\.stmcufinder\plugins\mcufinder//mcu/
2024-03-19 20:03:09,056 [WARN] DbFile:41 - Overriding database path with different value: C:\Users\orion\.stmcufinder\plugins\mcufinder/ => C:\Users\orion\.stmcufinder\plugins\mcufinder
2024-03-19 20:03:09,056 [INFO] DbMcusAds:125 - Set database path to: C:\Users\orion\.stmcufinder\plugins\mcufinder//mcu/
2024-03-19 20:03:09,056 [WARN] DbFile:41 - Overriding database path with different value: C:\Users\orion\.stmcufinder\plugins\mcufinder/ => C:\Users\orion\.stmcufinder\plugins\mcufinder
2024-03-19 20:03:09,056 [WARN] DbFile:41 - Overriding database path with different value: C:\Users\orion\.stmcufinder\plugins\mcufinder/ => C:\Users\orion\.stmcufinder\plugins\mcufinder
2024-03-19 20:03:09,057 [INFO] CrossReferenceDbSqlite:203 - Set database path to: C:\Users\orion\.stmcufinder\plugins\mcufinder//mcu/cs/
2024-03-19 20:03:09,076 [INFO] ApplicationProperties:184 - Using Application install path: C:\ST\STM32CubeIDE_1.14.1\STM32CubeIDE\plugins\com.st.stm32cube.common.mx_6.10.0.202311202037
2024-03-19 20:03:09,078 [INFO] PluginManage:196 - Search for loadable plugins [exclusion list=, ]
2024-03-19 20:03:09,079 [INFO] PluginManage:310 - Check plugin analytics
2024-03-19 20:03:09,278 [INFO] AnalyticsPlugin:253 - Accepted Software Licenses: STM32CubeMX.6.7.0,STM32CubeMX.6.4.0,STM32CubeMX.6.8.1,STM32CubeMX.6.10.0
2024-03-19 20:03:09,278 [INFO] AnalyticsPlugin:255 - Accepted CMSIS Pack Licenses: 
2024-03-19 20:03:09,279 [INFO] AnalyticsPlugin:257 - Accepted Firmware Licenses: FW.F4.1.27.0,FW.F4.1.28.0
2024-03-19 20:03:09,279 [INFO] PluginManage:359 - Loaded plugin analytics (category:tool,tabindex:-1)
2024-03-19 20:03:09,280 [INFO] PluginManage:310 - Check plugin cadmodel
2024-03-19 20:03:09,286 [INFO] CADModel:105 - Init CAD model plugin
2024-03-19 20:03:09,286 [INFO] PluginManage:359 - Loaded plugin cadmodel (category:power,tabindex:5)
2024-03-19 20:03:09,286 [INFO] PluginManage:310 - Check plugin clock
2024-03-19 20:03:09,299 [INFO] PluginManage:359 - Loaded plugin clock (category:base,tabindex:2)
2024-03-19 20:03:09,299 [INFO] PluginManage:310 - Check plugin ddr
2024-03-19 20:03:09,302 [INFO] PluginManage:359 - Loaded plugin ddr (category:tool,tabindex:6)
2024-03-19 20:03:09,302 [INFO] PluginManage:310 - Check plugin filemanager
2024-03-19 20:03:09,476 [INFO] PluginManage:359 - Loaded plugin filemanager (category:base,tabindex:10)
2024-03-19 20:03:09,476 [INFO] PluginManage:310 - Check plugin ipmanager
2024-03-19 20:03:09,485 [INFO] PluginManage:359 - Loaded plugin ipmanager (category:base,tabindex:5)
2024-03-19 20:03:09,485 [INFO] PluginManage:310 - Check plugin lpbam
2024-03-19 20:03:09,494 [INFO] PluginManage:359 - Loaded plugin lpbam (category:base,tabindex:0)
2024-03-19 20:03:09,494 [INFO] PluginManage:310 - Check plugin memorymap
2024-03-19 20:03:09,521 [INFO] PluginManage:359 - Loaded plugin memorymap (category:base,tabindex:4)
2024-03-19 20:03:09,522 [INFO] PluginManage:310 - Check plugin pinoutandconfiguration
2024-03-19 20:03:09,536 [INFO] PluginManage:359 - Loaded plugin pinoutandconfiguration (category:base,tabindex:1)
2024-03-19 20:03:09,536 [INFO] PluginManage:310 - Check plugin pinoutconfig
2024-03-19 20:03:09,638 [WARN] SupportedApi:132 - Cannot load RTOS API schema: s4s-elt-must-match.1: The content of 'definitions' must match (annotation?, (simpleType | complexType)?, (unique | key | keyref)*)). A problem was found starting at: attribute.
2024-03-19 20:03:09,814 [INFO] PluginManage:359 - Loaded plugin pinoutconfig (category:base,tabindex:0)
2024-03-19 20:03:09,814 [INFO] PluginManage:310 - Check plugin power
2024-03-19 20:03:09,827 [INFO] PluginManage:359 - Loaded plugin power (category:power,tabindex:4)
2024-03-19 20:03:09,827 [INFO] PluginManage:310 - Check plugin projectmanager
2024-03-19 20:03:09,845 [INFO] PluginManage:359 - Loaded plugin projectmanager (category:projectmanager,tabindex:3)
2024-03-19 20:03:09,845 [INFO] PluginManage:310 - Check plugin thirdparty
2024-03-19 20:03:10,038 [WARN] IntegrityCheckThread:84 - waiting for thirdparty lock release [integrity check]
2024-03-19 20:03:10,038 [INFO] IntegrityCheckThread:86 - entering critical section [integrity check]
2024-03-19 20:03:10,039 [INFO] PluginManage:359 - Loaded plugin thirdparty (category:base,tabindex:-1)
2024-03-19 20:03:10,039 [INFO] PluginManage:310 - Check plugin tools
2024-03-19 20:03:10,039 [INFO] ThirdPartyUpdaterWithRetryManager:70 - Updater plugin not ready yet. [1/15]
2024-03-19 20:03:10,044 [INFO] PluginManage:359 - Loaded plugin tools (category:base,tabindex:7)
2024-03-19 20:03:10,044 [INFO] PluginManage:310 - Check plugin tutovideos
2024-03-19 20:03:10,203 [INFO] PluginManage:359 - Loaded plugin tutovideos (category:base,tabindex:-1)
2024-03-19 20:03:10,203 [INFO] PluginManage:310 - Check plugin updater
2024-03-19 20:03:10,218 [INFO] PluginManage:359 - Loaded plugin updater (category:base,tabindex:12)
2024-03-19 20:03:10,219 [INFO] PluginManage:310 - Check plugin userauth
2024-03-19 20:03:10,227 [INFO] UserAuth:114 - Init User Auth plugin
2024-03-19 20:03:10,227 [INFO] PluginManage:359 - Loaded plugin userauth (category:base,tabindex:14)
2024-03-19 20:03:10,228 [INFO] PluginManage:283 - PluginManage : Loaded plugins [17]
2024-03-19 20:03:10,445 [INFO] PinOutPanel:1499 - setPackage(No Configuration,No Configuration)
2024-03-19 20:03:10,535 [INFO] CADModel:165 - CPN selected for project level
2024-03-19 20:03:10,536 [INFO] CADModel:114 - Register for checkConnection events
2024-03-19 20:03:10,554 [INFO] IPUIPlugin:80 - create IPUIPlugin
2024-03-19 20:03:10,554 [INFO] PluginManager:220 - loadIPPluginJar : add adc
2024-03-19 20:03:10,557 [INFO] IPUIPlugin:80 - create IPUIPlugin
2024-03-19 20:03:10,558 [INFO] PluginManager:220 - loadIPPluginJar : add aes
2024-03-19 20:03:10,561 [INFO] IPUIPlugin:80 - create IPUIPlugin
2024-03-19 20:03:10,562 [INFO] PluginManager:220 - loadIPPluginJar : add can
2024-03-19 20:03:10,564 [INFO] IPUIPlugin:80 - create IPUIPlugin
2024-03-19 20:03:10,564 [INFO] PluginManager:220 - loadIPPluginJar : add comp
2024-03-19 20:03:10,567 [INFO] IPUIPlugin:80 - create IPUIPlugin
2024-03-19 20:03:10,567 [INFO] PluginManager:220 - loadIPPluginJar : add cryp
2024-03-19 20:03:10,570 [INFO] IPUIPlugin:80 - create IPUIPlugin
2024-03-19 20:03:10,571 [INFO] PluginManager:220 - loadIPPluginJar : add dfsdm
2024-03-19 20:03:10,576 [INFO] IPUIPlugin:80 - create IPUIPlugin
2024-03-19 20:03:10,577 [INFO] PluginManager:220 - loadIPPluginJar : add dma
2024-03-19 20:03:10,580 [INFO] IPUIPlugin:80 - create IPUIPlugin
2024-03-19 20:03:10,580 [INFO] PluginManager:220 - loadIPPluginJar : add dma3
2024-03-19 20:03:10,582 [INFO] IPUIPlugin:80 - create IPUIPlugin
2024-03-19 20:03:10,582 [INFO] PluginManager:220 - loadIPPluginJar : add fatfs
2024-03-19 20:03:10,587 [INFO] IPUIPlugin:80 - create IPUIPlugin
2024-03-19 20:03:10,588 [INFO] PluginManager:220 - loadIPPluginJar : add fmc
2024-03-19 20:03:10,593 [INFO] IPUIPlugin:80 - create IPUIPlugin
2024-03-19 20:03:10,593 [INFO] PluginManager:220 - loadIPPluginJar : add freertos
2024-03-19 20:03:10,596 [INFO] IPUIPlugin:80 - create IPUIPlugin
2024-03-19 20:03:10,596 [INFO] PluginManager:220 - loadIPPluginJar : add genericplugin
2024-03-19 20:03:10,600 [INFO] IPUIPlugin:80 - create IPUIPlugin
2024-03-19 20:03:10,600 [INFO] PluginManager:220 - loadIPPluginJar : add gfxmmu
2024-03-19 20:03:10,605 [INFO] IPUIPlugin:80 - create IPUIPlugin
2024-03-19 20:03:10,605 [INFO] PluginManager:220 - loadIPPluginJar : add gic
2024-03-19 20:03:10,609 [INFO] IPUIPlugin:80 - create IPUIPlugin
2024-03-19 20:03:10,609 [INFO] PluginManager:220 - loadIPPluginJar : add gpio
2024-03-19 20:03:10,613 [INFO] IPUIPlugin:80 - create IPUIPlugin
2024-03-19 20:03:10,613 [INFO] PluginManager:220 - loadIPPluginJar : add gtzc
2024-03-19 20:03:10,617 [INFO] IPUIPlugin:80 - create IPUIPlugin
2024-03-19 20:03:10,617 [INFO] PluginManager:220 - loadIPPluginJar : add hash
2024-03-19 20:03:10,620 [INFO] IPUIPlugin:80 - create IPUIPlugin
2024-03-19 20:03:10,620 [INFO] PluginManager:220 - loadIPPluginJar : add i2c
2024-03-19 20:03:10,623 [INFO] IPUIPlugin:80 - create IPUIPlugin
2024-03-19 20:03:10,624 [INFO] PluginManager:220 - loadIPPluginJar : add i2s
2024-03-19 20:03:10,627 [INFO] IPUIPlugin:80 - create IPUIPlugin
2024-03-19 20:03:10,627 [INFO] PluginManager:220 - loadIPPluginJar : add i3c
2024-03-19 20:03:10,630 [INFO] IPUIPlugin:80 - create IPUIPlugin
2024-03-19 20:03:10,631 [INFO] PluginManager:220 - loadIPPluginJar : add ipddr
2024-03-19 20:03:10,637 [INFO] IPUIPlugin:80 - create IPUIPlugin
2024-03-19 20:03:10,637 [INFO] PluginManager:220 - loadIPPluginJar : add linkedlist
2024-03-19 20:03:10,641 [INFO] IPUIPlugin:80 - create IPUIPlugin
2024-03-19 20:03:10,641 [INFO] PluginManager:220 - loadIPPluginJar : add lorawan
2024-03-19 20:03:10,643 [INFO] IPUIPlugin:80 - create IPUIPlugin
2024-03-19 20:03:10,643 [INFO] PluginManager:220 - loadIPPluginJar : add ltdc
2024-03-19 20:03:10,649 [INFO] IPUIPlugin:80 - create IPUIPlugin
2024-03-19 20:03:10,649 [INFO] PluginManager:220 - loadIPPluginJar : add mdma
2024-03-19 20:03:10,654 [INFO] IPUIPlugin:80 - create IPUIPlugin
2024-03-19 20:03:10,654 [INFO] PluginManager:220 - loadIPPluginJar : add nvic
2024-03-19 20:03:10,658 [INFO] IPUIPlugin:80 - create IPUIPlugin
2024-03-19 20:03:10,658 [INFO] PluginManager:220 - loadIPPluginJar : add opamp
2024-03-19 20:03:10,662 [INFO] IPUIPlugin:80 - create IPUIPlugin
2024-03-19 20:03:10,662 [INFO] PluginManager:220 - loadIPPluginJar : add openamp
2024-03-19 20:03:10,666 [INFO] IPUIPlugin:80 - create IPUIPlugin
2024-03-19 20:03:10,666 [INFO] PluginManager:220 - loadIPPluginJar : add pdm2pcm
2024-03-19 20:03:10,672 [INFO] IPUIPlugin:80 - create IPUIPlugin
2024-03-19 20:03:10,674 [INFO] PluginManager:220 - loadIPPluginJar : add plateformsettings
2024-03-19 20:03:10,676 [INFO] IPUIPlugin:80 - create IPUIPlugin
2024-03-19 20:03:10,676 [INFO] PluginManager:220 - loadIPPluginJar : add quadspi
2024-03-19 20:03:10,680 [INFO] IPUIPlugin:80 - create IPUIPlugin
2024-03-19 20:03:10,680 [INFO] PluginManager:220 - loadIPPluginJar : add resmgrutility
2024-03-19 20:03:10,684 [INFO] IPUIPlugin:80 - create IPUIPlugin
2024-03-19 20:03:10,684 [INFO] PluginManager:220 - loadIPPluginJar : add sai
2024-03-19 20:03:10,686 [INFO] IPUIPlugin:80 - create IPUIPlugin
2024-03-19 20:03:10,686 [INFO] PluginManager:220 - loadIPPluginJar : add spi
2024-03-19 20:03:10,691 [INFO] IPUIPlugin:80 - create IPUIPlugin
2024-03-19 20:03:10,691 [INFO] PluginManager:220 - loadIPPluginJar : add stm32_wpan
2024-03-19 20:03:10,694 [INFO] IPUIPlugin:80 - create IPUIPlugin
2024-03-19 20:03:10,694 [INFO] PluginManager:220 - loadIPPluginJar : add tim
2024-03-19 20:03:10,697 [INFO] IPUIPlugin:80 - create IPUIPlugin
2024-03-19 20:03:10,697 [INFO] PluginManager:220 - loadIPPluginJar : add touchsensing
2024-03-19 20:03:10,699 [INFO] IPUIPlugin:80 - create IPUIPlugin
2024-03-19 20:03:10,699 [INFO] PluginManager:220 - loadIPPluginJar : add tracer_emb
2024-03-19 20:03:10,702 [INFO] IPUIPlugin:80 - create IPUIPlugin
2024-03-19 20:03:10,702 [INFO] PluginManager:220 - loadIPPluginJar : add ts
2024-03-19 20:03:10,704 [INFO] IPUIPlugin:80 - create IPUIPlugin
2024-03-19 20:03:10,704 [INFO] PluginManager:220 - loadIPPluginJar : add tsc
2024-03-19 20:03:10,706 [INFO] IPUIPlugin:80 - create IPUIPlugin
2024-03-19 20:03:10,706 [INFO] PluginManager:220 - loadIPPluginJar : add ucpd
2024-03-19 20:03:10,710 [INFO] IPUIPlugin:80 - create IPUIPlugin
2024-03-19 20:03:10,710 [INFO] PluginManager:220 - loadIPPluginJar : add usart
2024-03-19 20:03:10,713 [INFO] IPUIPlugin:80 - create IPUIPlugin
2024-03-19 20:03:10,713 [INFO] PluginManager:220 - loadIPPluginJar : add usbx
2024-03-19 20:03:10,850 [INFO] CADModel:165 - CPN selected for project level
2024-03-19 20:03:10,850 [INFO] CADModel:114 - Register for checkConnection events
2024-03-19 20:03:10,850 [FATAL] Updater:308 - Updater called before beeing initialized
2024-03-19 20:03:10,851 [ERROR] CADModel:125 - Updater not yet initialized, retry later 
2024-03-19 20:03:10,982 [INFO] CADModel:165 - CPN selected for project level
2024-03-19 20:03:10,982 [INFO] CADModel:114 - Register for checkConnection events
2024-03-19 20:03:10,982 [FATAL] Updater:308 - Updater called before beeing initialized
2024-03-19 20:03:10,982 [ERROR] CADModel:125 - Updater not yet initialized, retry later 
2024-03-19 20:03:10,984 [FATAL] Updater:308 - Updater called before beeing initialized
2024-03-19 20:03:11,111 [FATAL] Updater:308 - Updater called before beeing initialized
2024-03-19 20:03:11,116 [INFO] DbMcusAds:53 - JSON generation date=Wed Nov 29 19:52:27 KST 2023 (1701255147349)
2024-03-19 20:03:11,116 [FATAL] Updater:308 - Updater called before beeing initialized
2024-03-19 20:03:11,153 [WARN] DetailPanel:346 - Failed to get advertising image, set to default
2024-03-19 20:03:11,249 [FATAL] Updater:308 - Updater called before beeing initialized
2024-03-19 20:03:11,250 [FATAL] Updater:308 - Updater called before beeing initialized
2024-03-19 20:03:11,250 [FATAL] Updater:308 - Updater called before beeing initialized
2024-03-19 20:03:11,251 [WARN] DetailPanel:346 - Failed to get advertising image, set to default
2024-03-19 20:03:11,251 [FATAL] Updater:308 - Updater called before beeing initialized
2024-03-19 20:03:11,309 [ERROR] Updater:1120 - MainUpdater not yet initialized. External WinMGr cannot be set.
2024-03-19 20:03:11,312 [INFO] Updater:1056 - Updater Version found : 6.10.0
2024-03-19 20:03:11,331 [INFO] ApplicationProperties:184 - Using Application install path: C:\ST\STM32CubeIDE_1.14.1\STM32CubeIDE\plugins\com.st.stm32cube.common.mx_6.10.0.202311202037
2024-03-19 20:03:12,015 [INFO] MainUpdater:2873 - connection check result : 10
2024-03-19 20:03:12,016 [INFO] MainUpdater:290 - Updater Check For Update Now.
2024-03-19 20:03:12,016 [INFO] MicroXplorer:498 - Change Database Version : DB.6.0.100
2024-03-19 20:03:12,025 [INFO] McuFinderGlobals:63 - Set McuFinder mode to 2 (CubeIDE integrated)
2024-03-19 20:03:12,200 [INFO] CheckServerUpdateThread:120 - End of CheckServer Thread
2024-03-19 20:03:12,235 [INFO] UserAuth:404 - Internet connection configuration mode: 1
2024-03-19 20:03:12,258 [INFO] JxBrowserEngine:152 - Initiate JxBrowser Engine with user profile folder
2024-03-19 20:03:13,304 [INFO] WebApp:161 - Instantiating new browser for Auth
2024-03-19 20:03:13,438 [WARN] PackLoader:240 - Cannot read IP mode file for STMicroelectronics.X-CUBE-SMBUS.2.1.0
2024-03-19 20:03:13,451 [WARN] PackLoader:240 - Cannot read IP mode file for STMicroelectronics.X-CUBE-TOUCHGFX.4.23.0
2024-03-19 20:03:13,486 [WARN] PackLoader:240 - Cannot read IP mode file for STMicroelectronics.X-CUBE-AZRTOS-F7.1.1.0
2024-03-19 20:03:13,502 [WARN] PackLoader:240 - Cannot read IP mode file for STMicroelectronics.FP-SNS-MOTENV1.4.3.2
2024-03-19 20:03:13,516 [WARN] PackLoader:240 - Cannot read IP mode file for STMicroelectronics.FP-SNS-FLIGHT1.5.0.2
2024-03-19 20:03:13,536 [WARN] PackLoader:240 - Cannot read IP mode file for STMicroelectronics.X-CUBE-DISPLAY.3.0.0
2024-03-19 20:03:13,554 [WARN] PackLoader:240 - Cannot read IP mode file for STMicroelectronics.X-CUBE-BLE1.7.0.0
2024-03-19 20:03:13,562 [WARN] PackLoader:240 - Cannot read IP mode file for emotas.I-CUBE-CANOPEN.1.3.0
2024-03-19 20:03:13,579 [WARN] PackLoader:240 - Cannot read IP mode file for STMicroelectronics.X-CUBE-BLEMGR.3.1.0
2024-03-19 20:03:13,587 [WARN] PackLoader:240 - Cannot read IP mode file for STMicroelectronics.FP-SNS-SMARTAG2.1.2.0
2024-03-19 20:03:13,605 [INFO] LogOutputStream:77 - [STDOUT_REDIRECT] 1 : Invalid condition id : UX_CORESTACK_Condition cause : null
2024-03-19 20:03:13,606 [INFO] LogOutputStream:77 - [STDOUT_REDIRECT] 1 : Invalid condition id : UX_CORESTACK_Condition cause : null
2024-03-19 20:03:13,608 [INFO] LogOutputStream:77 - [STDOUT_REDIRECT] 1 : Invalid condition id : UX_CORESTACK_Condition cause : null
2024-03-19 20:03:13,610 [INFO] LogOutputStream:77 - [STDOUT_REDIRECT] 1 : Invalid condition id : UX_CORESTACK_Condition cause : null
2024-03-19 20:03:13,613 [INFO] LogOutputStream:77 - [STDOUT_REDIRECT] 1 : Invalid condition id : UX_CORESTACK_Condition cause : null
2024-03-19 20:03:13,619 [WARN] PackLoader:240 - Cannot read IP mode file for STMicroelectronics.X-CUBE-AZRTOS-WL.2.0.0
2024-03-19 20:03:13,637 [WARN] PackLoader:240 - Cannot read IP mode file for WES.I-CUBE-Cesium.1.3.0
2024-03-19 20:03:13,647 [WARN] PackLoader:240 - Cannot read IP mode file for STMicroelectronics.X-CUBE-BLE2.3.3.0
2024-03-19 20:03:13,659 [WARN] PackLoader:240 - Cannot read IP mode file for STMicroelectronics.X-CUBE-ALGOBUILD.1.3.0
2024-03-19 20:03:13,683 [WARN] PackLoader:240 - Cannot read IP mode file for STMicroelectronics.X-CUBE-AZRTOS-G0.1.1.0
2024-03-19 20:03:13,700 [WARN] PackLoader:240 - Cannot read IP mode file for STMicroelectronics.X-CUBE-NFC4.3.0.0
2024-03-19 20:03:13,712 [WARN] PackLoader:240 - Cannot read IP mode file for STMicroelectronics.X-CUBE-BLEMGR.3.0.0
2024-03-19 20:03:13,722 [WARN] PackLoader:240 - Cannot read IP mode file for STMicroelectronics.FP-ATR-SIGFOX1.3.2.0
2024-03-19 20:03:13,735 [WARN] PackLoader:240 - Cannot read IP mode file for STMicroelectronics.X-CUBE-EEPRMA1.5.1.0
2024-03-19 20:03:13,769 [WARN] PackLoader:240 - Cannot read IP mode file for SEGGER.I-CUBE-embOS.1.3.1
2024-03-19 20:03:13,808 [WARN] PackLoader:240 - Cannot read IP mode file for STMicroelectronics.X-CUBE-GNSS1.6.0.0
2024-03-19 20:03:13,831 [WARN] PackLoader:240 - Cannot read IP mode file for STMicroelectronics.X-CUBE-AZRTOS-F4.1.1.0
2024-03-19 20:03:13,840 [WARN] PackLoader:240 - Cannot read IP mode file for wolfSSL.I-CUBE-wolfSSL.5.6.6
2024-03-19 20:03:13,854 [WARN] PackLoader:240 - Cannot read IP mode file for STMicroelectronics.X-CUBE-AZRTOS-L5.2.0.0
2024-03-19 20:03:13,863 [WARN] PackLoader:240 - Cannot read IP mode file for ITTIA_DB.I-CUBE-ITTIADB.8.8.0
2024-03-19 20:03:13,871 [WARN] PackLoader:240 - Cannot read IP mode file for STMicroelectronics.X-CUBE-NFC7.1.0.1
2024-03-19 20:03:13,882 [WARN] PackLoader:240 - Cannot read IP mode file for STMicroelectronics.X-CUBE-NFC6.3.0.0
2024-03-19 20:03:13,889 [WARN] PackLoader:240 - Cannot read IP mode file for STMicroelectronics.X-CUBE-AI.8.1.0
2024-03-19 20:03:13,912 [WARN] ConditionMgr:438 - getConditionDescription Invalid condition id : LAN8742 Phy interface Condition cause : null
2024-03-19 20:03:13,913 [WARN] PackLoader:240 - Cannot read IP mode file for STMicroelectronics.X-CUBE-AZRTOS-L4.2.0.0
2024-03-19 20:03:13,914 [WARN] ConditionMgr:1039 - genDependencies : Invalid condition id : LAN8742 Phy interface Condition cause : null
2024-03-19 20:03:13,914 [WARN] ConditionMgr:1039 - genDependencies : Invalid condition id : LAN8742 Phy interface Condition cause : null
2024-03-19 20:03:13,914 [WARN] ConditionMgr:1039 - genDependencies : Invalid condition id : LAN8742 Phy interface Condition cause : null
2024-03-19 20:03:13,923 [WARN] PackLoader:240 - Cannot read IP mode file for STMicroelectronics.X-CUBE-SFXS2LP1.4.0.0
2024-03-19 20:03:13,940 [WARN] ConditionMgr:438 - getConditionDescription Invalid condition id : UX DEVICE CLASS RTOS Condition cause : null
2024-03-19 20:03:13,941 [WARN] ConditionMgr:438 - getConditionDescription Invalid condition id : UX DEVICE CLASS RTOS Condition cause : null
2024-03-19 20:03:13,944 [WARN] PackLoader:240 - Cannot read IP mode file for STMicroelectronics.X-CUBE-AZRTOS-WB.2.0.0
2024-03-19 20:03:13,945 [WARN] ConditionMgr:1039 - genDependencies : Invalid condition id : UX DEVICE CLASS RTOS Condition cause : null
2024-03-19 20:03:13,945 [WARN] ConditionMgr:1039 - genDependencies : Invalid condition id : UX DEVICE CLASS RTOS Condition cause : null
2024-03-19 20:03:13,946 [WARN] ConditionMgr:1039 - genDependencies : Invalid condition id : UX DEVICE CLASS RTOS Condition cause : null
2024-03-19 20:03:13,946 [WARN] ConditionMgr:1039 - genDependencies : Invalid condition id : UX DEVICE CLASS RTOS Condition cause : null
2024-03-19 20:03:13,946 [WARN] ConditionMgr:1039 - genDependencies : Invalid condition id : UX DEVICE CLASS RTOS Condition cause : null
2024-03-19 20:03:13,959 [WARN] PackLoader:240 - Cannot read IP mode file for STMicroelectronics.X-CUBE-SUBG2.5.0.0
2024-03-19 20:03:13,978 [WARN] PackLoader:240 - Cannot read IP mode file for STMicroelectronics.X-CUBE-AZRTOS-G4.2.0.0
2024-03-19 20:03:13,990 [WARN] PackLoader:240 - Cannot read IP mode file for Infineon.AIROC-Wi-Fi-Bluetooth-STM32.1.5.1
2024-03-19 20:03:13,997 [WARN] PackLoader:240 - Cannot read IP mode file for STMicroelectronics.FP-SNS-MOTENVWB1.1.3.1
2024-03-19 20:03:14,002 [WARN] PackLoader:240 - Cannot read IP mode file for STMicroelectronics.X-CUBE-ISPU.2.0.0
2024-03-19 20:03:14,029 [WARN] PackLoader:240 - Cannot read IP mode file for STMicroelectronics.X-CUBE-MEMS1.10.0.0
2024-03-19 20:03:14,147 [WARN] PackLoader:240 - Cannot read IP mode file for STMicroelectronics.X-CUBE-FREERTOS.1.1.0
2024-03-19 20:03:14,154 [WARN] PackLoader:240 - Cannot read IP mode file for portGmbH.I-Cube-SoM-uGOAL.1.1.0
2024-03-19 20:03:14,161 [WARN] PackLoader:240 - Cannot read IP mode file for STMicroelectronics.X-CUBE-ALS.1.0.1
2024-03-19 20:03:14,167 [WARN] PackLoader:240 - Cannot read IP mode file for STMicroelectronics.FP-ATR-ASTRA1.2.0.0
2024-03-19 20:03:14,178 [WARN] PackLoader:240 - Cannot read IP mode file for STMicroelectronics.X-CUBE-TOF1.3.4.0
2024-03-19 20:03:14,205 [WARN] PackLoader:240 - Cannot read IP mode file for STMicroelectronics.X-CUBE-TOF1.3.4.1
2024-03-19 20:03:14,230 [WARN] PackLoader:240 - Cannot read IP mode file for STMicroelectronics.X-CUBE-AZRTOS-H7.3.2.0
2024-03-19 20:03:14,233 [INFO] ThirdParty:978 - Integrity check success = true
2024-03-19 20:03:14,233 [INFO] IntegrityCheckThread:100 - exiting critical section [integrity check]
2024-03-19 20:03:14,233 [INFO] IntegrityCheckThread:103 - End integrity checks thread
2024-03-19 20:03:14,428 [INFO] WebApp:780 - Register for checkConnection events
2024-03-19 20:03:14,428 [INFO] WebApp:414 - Apply proxy settings
2024-03-19 20:03:14,428 [INFO] WebApp:499 - Chromium requires no authentication
2024-03-19 20:03:14,437 [INFO] WebApp:442 - Direct internet connection detected
2024-03-19 20:03:14,581 [INFO] WebApp:192 - Starting web application
2024-03-19 20:03:14,581 [INFO] WebApp:544 - Web application path used C:\ST\STM32CubeIDE_1.14.1\STM32CubeIDE\plugins\com.st.stm32cube.common.mx_6.10.0.202311202037\db\plugins\mcufinder\reactClient1\index.html
2024-03-19 20:03:35,229 [ERROR] LogOutputStream:75 - [STDERR_REDIRECT] SLF4J: Failed to load class "org.slf4j.impl.StaticLoggerBinder".
2024-03-19 20:03:35,229 [ERROR] LogOutputStream:75 - [STDERR_REDIRECT] SLF4J: Defaulting to no-operation (NOP) logger implementation
2024-03-19 20:03:35,231 [ERROR] LogOutputStream:75 - [STDERR_REDIRECT] SLF4J: See http://www.slf4j.org/codes.html#StaticLoggerBinder for further details.
2024-03-19 20:04:47,703 [ERROR] ConfigurationRetriever:142 - IOException on connection: Connect timed out
2024-03-19 20:04:49,015 [ERROR] LogOutputStream:75 - [STDERR_REDIRECT] 
2024-03-19 20:05:43,621 [INFO] Activator:176 - 


2024-03-19 20:05:43,625 [INFO] Activator:177 - !SESSION log4j initialized
2024-03-19 20:05:49,089 [INFO] LogOutputStream:77 - [STDOUT_REDIRECT] 
2024-03-19 20:05:50,477 [INFO] ApplicationProperties:184 - Using Application install path: C:\ST\STM32CubeIDE_1.14.1\STM32CubeIDE\plugins\com.st.stm32cube.common.mx_6.10.0.202311202037
2024-03-19 20:05:50,493 [INFO] DbMcusXml:78 - Set database path to: C:\ST\STM32CubeIDE_1.14.1\STM32CubeIDE\plugins\com.st.stm32cube.common.mx_6.10.0.202311202037\\db\/mcu/
2024-03-19 20:05:50,494 [INFO] ApiDb:274 - Set plugin database path to: C:\ST\STM32CubeIDE_1.14.1\STM32CubeIDE\plugins\com.st.stm32cube.common.mx_6.10.0.202311202037\\db\/plugins/boardmanager/
2024-03-19 20:05:50,494 [WARN] ApiDb:259 - Overriding images path with different value:  => C:\ST\STM32CubeIDE_1.14.1\STM32CubeIDE\plugins\com.st.stm32cube.common.mx_6.10.0.202311202037\\db\/plugins/mcufinder/images/
2024-03-19 20:05:50,502 [INFO] ApiDb:250 - Set database path to: C:\Users\orion\.stmcufinder\plugins\mcufinder//mcu/
2024-03-19 20:05:50,504 [INFO] DbMcusAds:125 - Set database path to: C:\Users\orion\.stmcufinder\plugins\mcufinder//mcu/
2024-03-19 20:05:50,507 [INFO] CrossReferenceDbSqlite:203 - Set database path to: C:\Users\orion\.stmcufinder\plugins\mcufinder//mcu/cs/
2024-03-19 20:05:50,674 [INFO] RulesReader:64 - Compatibility file has been processed (297 Rules)
2024-03-19 20:05:50,788 [INFO] DbMcusXml:78 - Set database path to: C:\ST\STM32CubeIDE_1.14.1\STM32CubeIDE\plugins\com.st.stm32cube.common.mx_6.10.0.202311202037\\db\/mcu/
2024-03-19 20:05:50,788 [INFO] ApiDb:274 - Set plugin database path to: C:\ST\STM32CubeIDE_1.14.1\STM32CubeIDE\plugins\com.st.stm32cube.common.mx_6.10.0.202311202037\\db\/plugins/boardmanager/
2024-03-19 20:05:50,788 [INFO] ApiDb:261 - Set plugin images path to: C:\ST\STM32CubeIDE_1.14.1\STM32CubeIDE\plugins\com.st.stm32cube.common.mx_6.10.0.202311202037\\db\/plugins/mcufinder/images/
2024-03-19 20:05:50,788 [WARN] DbFile:41 - Overriding database path with different value: C:\Users\orion\.stmcufinder\plugins\mcufinder/ => C:\Users\orion\.stmcufinder\plugins\mcufinder
2024-03-19 20:05:50,788 [INFO] ApiDb:250 - Set database path to: C:\Users\orion\.stmcufinder\plugins\mcufinder//mcu/
2024-03-19 20:05:50,789 [WARN] DbFile:41 - Overriding database path with different value: C:\Users\orion\.stmcufinder\plugins\mcufinder/ => C:\Users\orion\.stmcufinder\plugins\mcufinder
2024-03-19 20:05:50,789 [INFO] DbMcusAds:125 - Set database path to: C:\Users\orion\.stmcufinder\plugins\mcufinder//mcu/
2024-03-19 20:05:50,789 [WARN] DbFile:41 - Overriding database path with different value: C:\Users\orion\.stmcufinder\plugins\mcufinder/ => C:\Users\orion\.stmcufinder\plugins\mcufinder
2024-03-19 20:05:50,789 [WARN] DbFile:41 - Overriding database path with different value: C:\Users\orion\.stmcufinder\plugins\mcufinder/ => C:\Users\orion\.stmcufinder\plugins\mcufinder
2024-03-19 20:05:50,789 [INFO] CrossReferenceDbSqlite:203 - Set database path to: C:\Users\orion\.stmcufinder\plugins\mcufinder//mcu/cs/
2024-03-19 20:05:50,869 [INFO] MainPanel:264 - HeapMemory: 268435456
2024-03-19 20:05:50,926 [INFO] DbMcusXml:78 - Set database path to: C:\ST\STM32CubeIDE_1.14.1\STM32CubeIDE\plugins\com.st.stm32cube.common.mx_6.10.0.202311202037\\db\/mcu/
2024-03-19 20:05:50,927 [INFO] ApiDb:274 - Set plugin database path to: C:\ST\STM32CubeIDE_1.14.1\STM32CubeIDE\plugins\com.st.stm32cube.common.mx_6.10.0.202311202037\\db\/plugins/boardmanager/
2024-03-19 20:05:50,927 [INFO] ApiDb:261 - Set plugin images path to: C:\ST\STM32CubeIDE_1.14.1\STM32CubeIDE\plugins\com.st.stm32cube.common.mx_6.10.0.202311202037\\db\/plugins/mcufinder/images/
2024-03-19 20:05:50,927 [WARN] DbFile:41 - Overriding database path with different value: C:\Users\orion\.stmcufinder\plugins\mcufinder/ => C:\Users\orion\.stmcufinder\plugins\mcufinder
2024-03-19 20:05:50,927 [INFO] ApiDb:250 - Set database path to: C:\Users\orion\.stmcufinder\plugins\mcufinder//mcu/
2024-03-19 20:05:50,927 [WARN] DbFile:41 - Overriding database path with different value: C:\Users\orion\.stmcufinder\plugins\mcufinder/ => C:\Users\orion\.stmcufinder\plugins\mcufinder
2024-03-19 20:05:50,928 [INFO] DbMcusAds:125 - Set database path to: C:\Users\orion\.stmcufinder\plugins\mcufinder//mcu/
2024-03-19 20:05:50,928 [WARN] DbFile:41 - Overriding database path with different value: C:\Users\orion\.stmcufinder\plugins\mcufinder/ => C:\Users\orion\.stmcufinder\plugins\mcufinder
2024-03-19 20:05:50,928 [WARN] DbFile:41 - Overriding database path with different value: C:\Users\orion\.stmcufinder\plugins\mcufinder/ => C:\Users\orion\.stmcufinder\plugins\mcufinder
2024-03-19 20:05:50,928 [INFO] CrossReferenceDbSqlite:203 - Set database path to: C:\Users\orion\.stmcufinder\plugins\mcufinder//mcu/cs/
2024-03-19 20:05:50,943 [INFO] ApplicationProperties:184 - Using Application install path: C:\ST\STM32CubeIDE_1.14.1\STM32CubeIDE\plugins\com.st.stm32cube.common.mx_6.10.0.202311202037
2024-03-19 20:05:50,944 [INFO] PluginManage:196 - Search for loadable plugins [exclusion list=, ]
2024-03-19 20:05:50,945 [INFO] PluginManage:310 - Check plugin analytics
2024-03-19 20:05:51,111 [INFO] AnalyticsPlugin:253 - Accepted Software Licenses: STM32CubeMX.6.7.0,STM32CubeMX.6.4.0,STM32CubeMX.6.8.1,STM32CubeMX.6.10.0
2024-03-19 20:05:51,112 [INFO] AnalyticsPlugin:255 - Accepted CMSIS Pack Licenses: 
2024-03-19 20:05:51,112 [INFO] AnalyticsPlugin:257 - Accepted Firmware Licenses: FW.F4.1.27.0,FW.F4.1.28.0
2024-03-19 20:05:51,113 [INFO] PluginManage:359 - Loaded plugin analytics (category:tool,tabindex:-1)
2024-03-19 20:05:51,113 [INFO] PluginManage:310 - Check plugin cadmodel
2024-03-19 20:05:51,119 [INFO] CADModel:105 - Init CAD model plugin
2024-03-19 20:05:51,119 [INFO] PluginManage:359 - Loaded plugin cadmodel (category:power,tabindex:5)
2024-03-19 20:05:51,119 [INFO] PluginManage:310 - Check plugin clock
2024-03-19 20:05:51,129 [INFO] PluginManage:359 - Loaded plugin clock (category:base,tabindex:2)
2024-03-19 20:05:51,129 [INFO] PluginManage:310 - Check plugin ddr
2024-03-19 20:05:51,131 [INFO] PluginManage:359 - Loaded plugin ddr (category:tool,tabindex:6)
2024-03-19 20:05:51,131 [INFO] PluginManage:310 - Check plugin filemanager
2024-03-19 20:05:51,272 [INFO] PluginManage:359 - Loaded plugin filemanager (category:base,tabindex:10)
2024-03-19 20:05:51,272 [INFO] PluginManage:310 - Check plugin ipmanager
2024-03-19 20:05:51,282 [INFO] PluginManage:359 - Loaded plugin ipmanager (category:base,tabindex:5)
2024-03-19 20:05:51,282 [INFO] PluginManage:310 - Check plugin lpbam
2024-03-19 20:05:51,293 [INFO] PluginManage:359 - Loaded plugin lpbam (category:base,tabindex:0)
2024-03-19 20:05:51,293 [INFO] PluginManage:310 - Check plugin memorymap
2024-03-19 20:05:51,308 [INFO] PluginManage:359 - Loaded plugin memorymap (category:base,tabindex:4)
2024-03-19 20:05:51,308 [INFO] PluginManage:310 - Check plugin pinoutandconfiguration
2024-03-19 20:05:51,320 [INFO] PluginManage:359 - Loaded plugin pinoutandconfiguration (category:base,tabindex:1)
2024-03-19 20:05:51,320 [INFO] PluginManage:310 - Check plugin pinoutconfig
2024-03-19 20:05:51,409 [WARN] SupportedApi:132 - Cannot load RTOS API schema: s4s-elt-must-match.1: The content of 'definitions' must match (annotation?, (simpleType | complexType)?, (unique | key | keyref)*)). A problem was found starting at: attribute.
2024-03-19 20:05:51,531 [INFO] PluginManage:359 - Loaded plugin pinoutconfig (category:base,tabindex:0)
2024-03-19 20:05:51,531 [INFO] PluginManage:310 - Check plugin power
2024-03-19 20:05:51,541 [INFO] PluginManage:359 - Loaded plugin power (category:power,tabindex:4)
2024-03-19 20:05:51,541 [INFO] PluginManage:310 - Check plugin projectmanager
2024-03-19 20:05:51,560 [INFO] PluginManage:359 - Loaded plugin projectmanager (category:projectmanager,tabindex:3)
2024-03-19 20:05:51,561 [INFO] PluginManage:310 - Check plugin thirdparty
2024-03-19 20:05:51,684 [INFO] PluginManage:359 - Loaded plugin thirdparty (category:base,tabindex:-1)
2024-03-19 20:05:51,684 [WARN] IntegrityCheckThread:84 - waiting for thirdparty lock release [integrity check]
2024-03-19 20:05:51,684 [INFO] PluginManage:310 - Check plugin tools
2024-03-19 20:05:51,684 [INFO] IntegrityCheckThread:86 - entering critical section [integrity check]
2024-03-19 20:05:51,684 [INFO] ThirdPartyUpdaterWithRetryManager:70 - Updater plugin not ready yet. [1/15]
2024-03-19 20:05:51,687 [INFO] PluginManage:359 - Loaded plugin tools (category:base,tabindex:7)
2024-03-19 20:05:51,687 [INFO] PluginManage:310 - Check plugin tutovideos
2024-03-19 20:05:51,847 [INFO] PluginManage:359 - Loaded plugin tutovideos (category:base,tabindex:-1)
2024-03-19 20:05:51,847 [INFO] PluginManage:310 - Check plugin updater
2024-03-19 20:05:51,858 [INFO] PluginManage:359 - Loaded plugin updater (category:base,tabindex:12)
2024-03-19 20:05:51,858 [INFO] PluginManage:310 - Check plugin userauth
2024-03-19 20:05:51,862 [INFO] UserAuth:114 - Init User Auth plugin
2024-03-19 20:05:51,862 [INFO] PluginManage:359 - Loaded plugin userauth (category:base,tabindex:14)
2024-03-19 20:05:51,862 [INFO] PluginManage:283 - PluginManage : Loaded plugins [17]
2024-03-19 20:05:52,053 [INFO] PinOutPanel:1499 - setPackage(No Configuration,No Configuration)
2024-03-19 20:05:52,125 [INFO] CADModel:165 - CPN selected for project level
2024-03-19 20:05:52,125 [INFO] CADModel:114 - Register for checkConnection events
2024-03-19 20:05:52,138 [INFO] IPUIPlugin:80 - create IPUIPlugin
2024-03-19 20:05:52,138 [INFO] PluginManager:220 - loadIPPluginJar : add adc
2024-03-19 20:05:52,140 [INFO] IPUIPlugin:80 - create IPUIPlugin
2024-03-19 20:05:52,140 [INFO] PluginManager:220 - loadIPPluginJar : add aes
2024-03-19 20:05:52,143 [INFO] IPUIPlugin:80 - create IPUIPlugin
2024-03-19 20:05:52,143 [INFO] PluginManager:220 - loadIPPluginJar : add can
2024-03-19 20:05:52,144 [INFO] IPUIPlugin:80 - create IPUIPlugin
2024-03-19 20:05:52,144 [INFO] PluginManager:220 - loadIPPluginJar : add comp
2024-03-19 20:05:52,146 [INFO] IPUIPlugin:80 - create IPUIPlugin
2024-03-19 20:05:52,146 [INFO] PluginManager:220 - loadIPPluginJar : add cryp
2024-03-19 20:05:52,149 [INFO] IPUIPlugin:80 - create IPUIPlugin
2024-03-19 20:05:52,149 [INFO] PluginManager:220 - loadIPPluginJar : add dfsdm
2024-03-19 20:05:52,153 [INFO] IPUIPlugin:80 - create IPUIPlugin
2024-03-19 20:05:52,153 [INFO] PluginManager:220 - loadIPPluginJar : add dma
2024-03-19 20:05:52,156 [INFO] IPUIPlugin:80 - create IPUIPlugin
2024-03-19 20:05:52,156 [INFO] PluginManager:220 - loadIPPluginJar : add dma3
2024-03-19 20:05:52,157 [INFO] IPUIPlugin:80 - create IPUIPlugin
2024-03-19 20:05:52,157 [INFO] PluginManager:220 - loadIPPluginJar : add fatfs
2024-03-19 20:05:52,161 [INFO] IPUIPlugin:80 - create IPUIPlugin
2024-03-19 20:05:52,161 [INFO] PluginManager:220 - loadIPPluginJar : add fmc
2024-03-19 20:05:52,165 [INFO] IPUIPlugin:80 - create IPUIPlugin
2024-03-19 20:05:52,165 [INFO] PluginManager:220 - loadIPPluginJar : add freertos
2024-03-19 20:05:52,166 [INFO] IPUIPlugin:80 - create IPUIPlugin
2024-03-19 20:05:52,166 [INFO] PluginManager:220 - loadIPPluginJar : add genericplugin
2024-03-19 20:05:52,168 [INFO] IPUIPlugin:80 - create IPUIPlugin
2024-03-19 20:05:52,168 [INFO] PluginManager:220 - loadIPPluginJar : add gfxmmu
2024-03-19 20:05:52,172 [INFO] IPUIPlugin:80 - create IPUIPlugin
2024-03-19 20:05:52,172 [INFO] PluginManager:220 - loadIPPluginJar : add gic
2024-03-19 20:05:52,175 [INFO] IPUIPlugin:80 - create IPUIPlugin
2024-03-19 20:05:52,175 [INFO] PluginManager:220 - loadIPPluginJar : add gpio
2024-03-19 20:05:52,177 [INFO] IPUIPlugin:80 - create IPUIPlugin
2024-03-19 20:05:52,177 [INFO] PluginManager:220 - loadIPPluginJar : add gtzc
2024-03-19 20:05:52,180 [INFO] IPUIPlugin:80 - create IPUIPlugin
2024-03-19 20:05:52,180 [INFO] PluginManager:220 - loadIPPluginJar : add hash
2024-03-19 20:05:52,182 [INFO] IPUIPlugin:80 - create IPUIPlugin
2024-03-19 20:05:52,182 [INFO] PluginManager:220 - loadIPPluginJar : add i2c
2024-03-19 20:05:52,184 [INFO] IPUIPlugin:80 - create IPUIPlugin
2024-03-19 20:05:52,184 [INFO] PluginManager:220 - loadIPPluginJar : add i2s
2024-03-19 20:05:52,186 [INFO] IPUIPlugin:80 - create IPUIPlugin
2024-03-19 20:05:52,187 [INFO] PluginManager:220 - loadIPPluginJar : add i3c
2024-03-19 20:05:52,189 [INFO] IPUIPlugin:80 - create IPUIPlugin
2024-03-19 20:05:52,189 [INFO] PluginManager:220 - loadIPPluginJar : add ipddr
2024-03-19 20:05:52,194 [INFO] IPUIPlugin:80 - create IPUIPlugin
2024-03-19 20:05:52,195 [INFO] PluginManager:220 - loadIPPluginJar : add linkedlist
2024-03-19 20:05:52,197 [INFO] IPUIPlugin:80 - create IPUIPlugin
2024-03-19 20:05:52,197 [INFO] PluginManager:220 - loadIPPluginJar : add lorawan
2024-03-19 20:05:52,199 [INFO] IPUIPlugin:80 - create IPUIPlugin
2024-03-19 20:05:52,199 [INFO] PluginManager:220 - loadIPPluginJar : add ltdc
2024-03-19 20:05:52,204 [INFO] IPUIPlugin:80 - create IPUIPlugin
2024-03-19 20:05:52,204 [INFO] PluginManager:220 - loadIPPluginJar : add mdma
2024-03-19 20:05:52,207 [INFO] IPUIPlugin:80 - create IPUIPlugin
2024-03-19 20:05:52,207 [INFO] PluginManager:220 - loadIPPluginJar : add nvic
2024-03-19 20:05:52,210 [INFO] IPUIPlugin:80 - create IPUIPlugin
2024-03-19 20:05:52,210 [INFO] PluginManager:220 - loadIPPluginJar : add opamp
2024-03-19 20:05:52,213 [INFO] IPUIPlugin:80 - create IPUIPlugin
2024-03-19 20:05:52,213 [INFO] PluginManager:220 - loadIPPluginJar : add openamp
2024-03-19 20:05:52,216 [INFO] IPUIPlugin:80 - create IPUIPlugin
2024-03-19 20:05:52,216 [INFO] PluginManager:220 - loadIPPluginJar : add pdm2pcm
2024-03-19 20:05:52,221 [INFO] IPUIPlugin:80 - create IPUIPlugin
2024-03-19 20:05:52,223 [INFO] PluginManager:220 - loadIPPluginJar : add plateformsettings
2024-03-19 20:05:52,225 [INFO] IPUIPlugin:80 - create IPUIPlugin
2024-03-19 20:05:52,225 [INFO] PluginManager:220 - loadIPPluginJar : add quadspi
2024-03-19 20:05:52,228 [INFO] IPUIPlugin:80 - create IPUIPlugin
2024-03-19 20:05:52,228 [INFO] PluginManager:220 - loadIPPluginJar : add resmgrutility
2024-03-19 20:05:52,231 [INFO] IPUIPlugin:80 - create IPUIPlugin
2024-03-19 20:05:52,231 [INFO] PluginManager:220 - loadIPPluginJar : add sai
2024-03-19 20:05:52,234 [INFO] IPUIPlugin:80 - create IPUIPlugin
2024-03-19 20:05:52,234 [INFO] PluginManager:220 - loadIPPluginJar : add spi
2024-03-19 20:05:52,238 [INFO] IPUIPlugin:80 - create IPUIPlugin
2024-03-19 20:05:52,238 [INFO] PluginManager:220 - loadIPPluginJar : add stm32_wpan
2024-03-19 20:05:52,240 [INFO] IPUIPlugin:80 - create IPUIPlugin
2024-03-19 20:05:52,240 [INFO] PluginManager:220 - loadIPPluginJar : add tim
2024-03-19 20:05:52,243 [INFO] IPUIPlugin:80 - create IPUIPlugin
2024-03-19 20:05:52,243 [INFO] PluginManager:220 - loadIPPluginJar : add touchsensing
2024-03-19 20:05:52,245 [INFO] IPUIPlugin:80 - create IPUIPlugin
2024-03-19 20:05:52,245 [INFO] PluginManager:220 - loadIPPluginJar : add tracer_emb
2024-03-19 20:05:52,247 [INFO] IPUIPlugin:80 - create IPUIPlugin
2024-03-19 20:05:52,247 [INFO] PluginManager:220 - loadIPPluginJar : add ts
2024-03-19 20:05:52,248 [INFO] IPUIPlugin:80 - create IPUIPlugin
2024-03-19 20:05:52,248 [INFO] PluginManager:220 - loadIPPluginJar : add tsc
2024-03-19 20:05:52,250 [INFO] IPUIPlugin:80 - create IPUIPlugin
2024-03-19 20:05:52,250 [INFO] PluginManager:220 - loadIPPluginJar : add ucpd
2024-03-19 20:05:52,253 [INFO] IPUIPlugin:80 - create IPUIPlugin
2024-03-19 20:05:52,253 [INFO] PluginManager:220 - loadIPPluginJar : add usart
2024-03-19 20:05:52,256 [INFO] IPUIPlugin:80 - create IPUIPlugin
2024-03-19 20:05:52,256 [INFO] PluginManager:220 - loadIPPluginJar : add usbx
2024-03-19 20:05:52,384 [INFO] CADModel:165 - CPN selected for project level
2024-03-19 20:05:52,385 [INFO] CADModel:114 - Register for checkConnection events
2024-03-19 20:05:52,385 [FATAL] Updater:308 - Updater called before beeing initialized
2024-03-19 20:05:52,385 [ERROR] CADModel:125 - Updater not yet initialized, retry later 
2024-03-19 20:05:52,539 [INFO] CADModel:165 - CPN selected for project level
2024-03-19 20:05:52,539 [INFO] CADModel:114 - Register for checkConnection events
2024-03-19 20:05:52,539 [FATAL] Updater:308 - Updater called before beeing initialized
2024-03-19 20:05:52,539 [ERROR] CADModel:125 - Updater not yet initialized, retry later 
2024-03-19 20:05:52,544 [FATAL] Updater:308 - Updater called before beeing initialized
2024-03-19 20:05:52,663 [FATAL] Updater:308 - Updater called before beeing initialized
2024-03-19 20:05:52,672 [INFO] DbMcusAds:53 - JSON generation date=Wed Nov 29 19:52:27 KST 2023 (1701255147349)
2024-03-19 20:05:52,672 [FATAL] Updater:308 - Updater called before beeing initialized
2024-03-19 20:05:52,706 [WARN] DetailPanel:346 - Failed to get advertising image, set to default
2024-03-19 20:05:52,800 [FATAL] Updater:308 - Updater called before beeing initialized
2024-03-19 20:05:52,802 [FATAL] Updater:308 - Updater called before beeing initialized
2024-03-19 20:05:52,802 [FATAL] Updater:308 - Updater called before beeing initialized
2024-03-19 20:05:52,802 [WARN] DetailPanel:346 - Failed to get advertising image, set to default
2024-03-19 20:05:52,802 [FATAL] Updater:308 - Updater called before beeing initialized
2024-03-19 20:05:52,842 [ERROR] Updater:1120 - MainUpdater not yet initialized. External WinMGr cannot be set.
2024-03-19 20:05:52,844 [INFO] Updater:1056 - Updater Version found : 6.10.0
2024-03-19 20:05:52,857 [INFO] ApplicationProperties:184 - Using Application install path: C:\ST\STM32CubeIDE_1.14.1\STM32CubeIDE\plugins\com.st.stm32cube.common.mx_6.10.0.202311202037
2024-03-19 20:05:53,533 [INFO] MainUpdater:2873 - connection check result : 10
2024-03-19 20:05:53,535 [INFO] MainUpdater:290 - Updater Check For Update Now.
2024-03-19 20:05:53,535 [INFO] MicroXplorer:498 - Change Database Version : DB.6.0.100
2024-03-19 20:05:53,542 [INFO] McuFinderGlobals:63 - Set McuFinder mode to 2 (CubeIDE integrated)
2024-03-19 20:05:53,706 [INFO] CheckServerUpdateThread:120 - End of CheckServer Thread
2024-03-19 20:05:53,814 [INFO] UserAuth:404 - Internet connection configuration mode: 1
2024-03-19 20:05:53,839 [INFO] JxBrowserEngine:152 - Initiate JxBrowser Engine with user profile folder
2024-03-19 20:05:54,485 [INFO] WebApp:161 - Instantiating new browser for Auth
2024-03-19 20:05:54,972 [WARN] PackLoader:240 - Cannot read IP mode file for STMicroelectronics.X-CUBE-SMBUS.2.1.0
2024-03-19 20:05:54,983 [WARN] PackLoader:240 - Cannot read IP mode file for STMicroelectronics.X-CUBE-TOUCHGFX.4.23.0
2024-03-19 20:05:55,012 [WARN] PackLoader:240 - Cannot read IP mode file for STMicroelectronics.X-CUBE-AZRTOS-F7.1.1.0
2024-03-19 20:05:55,024 [WARN] PackLoader:240 - Cannot read IP mode file for STMicroelectronics.FP-SNS-MOTENV1.4.3.2
2024-03-19 20:05:55,032 [WARN] PackLoader:240 - Cannot read IP mode file for STMicroelectronics.FP-SNS-FLIGHT1.5.0.2
2024-03-19 20:05:55,041 [WARN] PackLoader:240 - Cannot read IP mode file for STMicroelectronics.X-CUBE-DISPLAY.3.0.0
2024-03-19 20:05:55,055 [WARN] PackLoader:240 - Cannot read IP mode file for STMicroelectronics.X-CUBE-BLE1.7.0.0
2024-03-19 20:05:55,062 [WARN] PackLoader:240 - Cannot read IP mode file for emotas.I-CUBE-CANOPEN.1.3.0
2024-03-19 20:05:55,072 [WARN] PackLoader:240 - Cannot read IP mode file for STMicroelectronics.X-CUBE-BLEMGR.3.1.0
2024-03-19 20:05:55,078 [WARN] PackLoader:240 - Cannot read IP mode file for STMicroelectronics.FP-SNS-SMARTAG2.1.2.0
2024-03-19 20:05:55,091 [INFO] LogOutputStream:77 - [STDOUT_REDIRECT] 1 : Invalid condition id : UX_CORESTACK_Condition cause : null
2024-03-19 20:05:55,092 [INFO] LogOutputStream:77 - [STDOUT_REDIRECT] 1 : Invalid condition id : UX_CORESTACK_Condition cause : null
2024-03-19 20:05:55,093 [INFO] LogOutputStream:77 - [STDOUT_REDIRECT] 1 : Invalid condition id : UX_CORESTACK_Condition cause : null
2024-03-19 20:05:55,095 [INFO] LogOutputStream:77 - [STDOUT_REDIRECT] 1 : Invalid condition id : UX_CORESTACK_Condition cause : null
2024-03-19 20:05:55,096 [INFO] LogOutputStream:77 - [STDOUT_REDIRECT] 1 : Invalid condition id : UX_CORESTACK_Condition cause : null
2024-03-19 20:05:55,101 [WARN] PackLoader:240 - Cannot read IP mode file for STMicroelectronics.X-CUBE-AZRTOS-WL.2.0.0
2024-03-19 20:05:55,112 [WARN] PackLoader:240 - Cannot read IP mode file for WES.I-CUBE-Cesium.1.3.0
2024-03-19 20:05:55,117 [WARN] PackLoader:240 - Cannot read IP mode file for STMicroelectronics.X-CUBE-BLE2.3.3.0
2024-03-19 20:05:55,123 [WARN] PackLoader:240 - Cannot read IP mode file for STMicroelectronics.X-CUBE-ALGOBUILD.1.3.0
2024-03-19 20:05:55,151 [WARN] PackLoader:240 - Cannot read IP mode file for STMicroelectronics.X-CUBE-AZRTOS-G0.1.1.0
2024-03-19 20:05:55,162 [WARN] PackLoader:240 - Cannot read IP mode file for STMicroelectronics.X-CUBE-NFC4.3.0.0
2024-03-19 20:05:55,169 [WARN] PackLoader:240 - Cannot read IP mode file for STMicroelectronics.X-CUBE-BLEMGR.3.0.0
2024-03-19 20:05:55,175 [WARN] PackLoader:240 - Cannot read IP mode file for STMicroelectronics.FP-ATR-SIGFOX1.3.2.0
2024-03-19 20:05:55,181 [WARN] PackLoader:240 - Cannot read IP mode file for STMicroelectronics.X-CUBE-EEPRMA1.5.1.0
2024-03-19 20:05:55,208 [WARN] PackLoader:240 - Cannot read IP mode file for SEGGER.I-CUBE-embOS.1.3.1
2024-03-19 20:05:55,240 [WARN] PackLoader:240 - Cannot read IP mode file for STMicroelectronics.X-CUBE-GNSS1.6.0.0
2024-03-19 20:05:55,256 [WARN] PackLoader:240 - Cannot read IP mode file for STMicroelectronics.X-CUBE-AZRTOS-F4.1.1.0
2024-03-19 20:05:55,273 [WARN] PackLoader:240 - Cannot read IP mode file for wolfSSL.I-CUBE-wolfSSL.5.6.6
2024-03-19 20:05:55,285 [WARN] PackLoader:240 - Cannot read IP mode file for STMicroelectronics.X-CUBE-AZRTOS-L5.2.0.0
2024-03-19 20:05:55,294 [WARN] PackLoader:240 - Cannot read IP mode file for ITTIA_DB.I-CUBE-ITTIADB.8.8.0
2024-03-19 20:05:55,300 [WARN] PackLoader:240 - Cannot read IP mode file for STMicroelectronics.X-CUBE-NFC7.1.0.1
2024-03-19 20:05:55,307 [WARN] PackLoader:240 - Cannot read IP mode file for STMicroelectronics.X-CUBE-NFC6.3.0.0
2024-03-19 20:05:55,313 [WARN] PackLoader:240 - Cannot read IP mode file for STMicroelectronics.X-CUBE-AI.8.1.0
2024-03-19 20:05:55,323 [INFO] WebApp:780 - Register for checkConnection events
2024-03-19 20:05:55,323 [INFO] WebApp:414 - Apply proxy settings
2024-03-19 20:05:55,323 [INFO] WebApp:499 - Chromium requires no authentication
2024-03-19 20:05:55,333 [WARN] ConditionMgr:438 - getConditionDescription Invalid condition id : LAN8742 Phy interface Condition cause : null
2024-03-19 20:05:55,334 [WARN] PackLoader:240 - Cannot read IP mode file for STMicroelectronics.X-CUBE-AZRTOS-L4.2.0.0
2024-03-19 20:05:55,336 [WARN] ConditionMgr:1039 - genDependencies : Invalid condition id : LAN8742 Phy interface Condition cause : null
2024-03-19 20:05:55,336 [WARN] ConditionMgr:1039 - genDependencies : Invalid condition id : LAN8742 Phy interface Condition cause : null
2024-03-19 20:05:55,337 [WARN] ConditionMgr:1039 - genDependencies : Invalid condition id : LAN8742 Phy interface Condition cause : null
2024-03-19 20:05:55,342 [INFO] WebApp:442 - Direct internet connection detected
2024-03-19 20:05:55,347 [WARN] PackLoader:240 - Cannot read IP mode file for STMicroelectronics.X-CUBE-SFXS2LP1.4.0.0
2024-03-19 20:05:55,362 [WARN] ConditionMgr:438 - getConditionDescription Invalid condition id : UX DEVICE CLASS RTOS Condition cause : null
2024-03-19 20:05:55,362 [WARN] ConditionMgr:438 - getConditionDescription Invalid condition id : UX DEVICE CLASS RTOS Condition cause : null
2024-03-19 20:05:55,364 [WARN] PackLoader:240 - Cannot read IP mode file for STMicroelectronics.X-CUBE-AZRTOS-WB.2.0.0
2024-03-19 20:05:55,365 [WARN] ConditionMgr:1039 - genDependencies : Invalid condition id : UX DEVICE CLASS RTOS Condition cause : null
2024-03-19 20:05:55,365 [WARN] ConditionMgr:1039 - genDependencies : Invalid condition id : UX DEVICE CLASS RTOS Condition cause : null
2024-03-19 20:05:55,365 [WARN] ConditionMgr:1039 - genDependencies : Invalid condition id : UX DEVICE CLASS RTOS Condition cause : null
2024-03-19 20:05:55,365 [WARN] ConditionMgr:1039 - genDependencies : Invalid condition id : UX DEVICE CLASS RTOS Condition cause : null
2024-03-19 20:05:55,365 [WARN] ConditionMgr:1039 - genDependencies : Invalid condition id : UX DEVICE CLASS RTOS Condition cause : null
2024-03-19 20:05:55,376 [WARN] PackLoader:240 - Cannot read IP mode file for STMicroelectronics.X-CUBE-SUBG2.5.0.0
2024-03-19 20:05:55,419 [WARN] PackLoader:240 - Cannot read IP mode file for STMicroelectronics.X-CUBE-AZRTOS-G4.2.0.0
2024-03-19 20:05:55,439 [WARN] PackLoader:240 - Cannot read IP mode file for Infineon.AIROC-Wi-Fi-Bluetooth-STM32.1.5.1
2024-03-19 20:05:55,445 [WARN] PackLoader:240 - Cannot read IP mode file for STMicroelectronics.FP-SNS-MOTENVWB1.1.3.1
2024-03-19 20:05:55,450 [WARN] PackLoader:240 - Cannot read IP mode file for STMicroelectronics.X-CUBE-ISPU.2.0.0
2024-03-19 20:05:55,478 [WARN] PackLoader:240 - Cannot read IP mode file for STMicroelectronics.X-CUBE-MEMS1.10.0.0
2024-03-19 20:05:55,592 [WARN] PackLoader:240 - Cannot read IP mode file for STMicroelectronics.X-CUBE-FREERTOS.1.1.0
2024-03-19 20:05:55,598 [WARN] PackLoader:240 - Cannot read IP mode file for portGmbH.I-Cube-SoM-uGOAL.1.1.0
2024-03-19 20:05:55,602 [WARN] PackLoader:240 - Cannot read IP mode file for STMicroelectronics.X-CUBE-ALS.1.0.1
2024-03-19 20:05:55,607 [WARN] PackLoader:240 - Cannot read IP mode file for STMicroelectronics.FP-ATR-ASTRA1.2.0.0
2024-03-19 20:05:55,615 [WARN] PackLoader:240 - Cannot read IP mode file for STMicroelectronics.X-CUBE-TOF1.3.4.0
2024-03-19 20:05:55,630 [WARN] PackLoader:240 - Cannot read IP mode file for STMicroelectronics.X-CUBE-TOF1.3.4.1
2024-03-19 20:05:55,657 [WARN] PackLoader:240 - Cannot read IP mode file for STMicroelectronics.X-CUBE-AZRTOS-H7.3.2.0
2024-03-19 20:05:55,658 [INFO] WebApp:192 - Starting web application
2024-03-19 20:05:55,658 [INFO] WebApp:544 - Web application path used C:\ST\STM32CubeIDE_1.14.1\STM32CubeIDE\plugins\com.st.stm32cube.common.mx_6.10.0.202311202037\db\plugins\mcufinder\reactClient1\index.html
2024-03-19 20:05:55,660 [INFO] ThirdParty:978 - Integrity check success = true
2024-03-19 20:05:55,661 [INFO] IntegrityCheckThread:100 - exiting critical section [integrity check]
2024-03-19 20:05:55,661 [INFO] IntegrityCheckThread:103 - End integrity checks thread
2024-03-19 20:06:16,296 [ERROR] LogOutputStream:75 - [STDERR_REDIRECT] SLF4J: Failed to load class "org.slf4j.impl.StaticLoggerBinder".
2024-03-19 20:06:16,297 [ERROR] LogOutputStream:75 - [STDERR_REDIRECT] SLF4J: Defaulting to no-operation (NOP) logger implementation
2024-03-19 20:06:16,299 [ERROR] LogOutputStream:75 - [STDERR_REDIRECT] SLF4J: See http://www.slf4j.org/codes.html#StaticLoggerBinder for further details.
2024-03-19 20:10:35,666 [ERROR] ConfigurationRetriever:142 - IOException on connection: Read timed out
2024-03-19 21:03:38,709 [ERROR] LogOutputStream:75 - [STDERR_REDIRECT] 
2024-03-19 21:09:54,394 [INFO] Activator:176 - 


2024-03-19 21:09:54,396 [INFO] Activator:177 - !SESSION log4j initialized
2024-03-19 21:10:00,414 [INFO] LogOutputStream:77 - [STDOUT_REDIRECT] 
2024-03-19 21:10:03,271 [INFO] ApplicationProperties:184 - Using Application install path: C:\ST\STM32CubeIDE_1.14.1\STM32CubeIDE\plugins\com.st.stm32cube.common.mx_6.10.0.202311202037
2024-03-19 21:10:03,298 [INFO] DbMcusXml:78 - Set database path to: C:\ST\STM32CubeIDE_1.14.1\STM32CubeIDE\plugins\com.st.stm32cube.common.mx_6.10.0.202311202037\\db\/mcu/
2024-03-19 21:10:03,299 [INFO] ApiDb:274 - Set plugin database path to: C:\ST\STM32CubeIDE_1.14.1\STM32CubeIDE\plugins\com.st.stm32cube.common.mx_6.10.0.202311202037\\db\/plugins/boardmanager/
2024-03-19 21:10:03,299 [WARN] ApiDb:259 - Overriding images path with different value:  => C:\ST\STM32CubeIDE_1.14.1\STM32CubeIDE\plugins\com.st.stm32cube.common.mx_6.10.0.202311202037\\db\/plugins/mcufinder/images/
2024-03-19 21:10:03,314 [INFO] ApiDb:250 - Set database path to: C:\Users\orion\.stmcufinder\plugins\mcufinder//mcu/
2024-03-19 21:10:03,316 [INFO] DbMcusAds:125 - Set database path to: C:\Users\orion\.stmcufinder\plugins\mcufinder//mcu/
2024-03-19 21:10:03,318 [INFO] CrossReferenceDbSqlite:203 - Set database path to: C:\Users\orion\.stmcufinder\plugins\mcufinder//mcu/cs/
2024-03-19 21:10:03,483 [INFO] RulesReader:64 - Compatibility file has been processed (297 Rules)
2024-03-19 21:10:03,610 [INFO] DbMcusXml:78 - Set database path to: C:\ST\STM32CubeIDE_1.14.1\STM32CubeIDE\plugins\com.st.stm32cube.common.mx_6.10.0.202311202037\\db\/mcu/
2024-03-19 21:10:03,610 [INFO] ApiDb:274 - Set plugin database path to: C:\ST\STM32CubeIDE_1.14.1\STM32CubeIDE\plugins\com.st.stm32cube.common.mx_6.10.0.202311202037\\db\/plugins/boardmanager/
2024-03-19 21:10:03,610 [INFO] ApiDb:261 - Set plugin images path to: C:\ST\STM32CubeIDE_1.14.1\STM32CubeIDE\plugins\com.st.stm32cube.common.mx_6.10.0.202311202037\\db\/plugins/mcufinder/images/
2024-03-19 21:10:03,610 [WARN] DbFile:41 - Overriding database path with different value: C:\Users\orion\.stmcufinder\plugins\mcufinder/ => C:\Users\orion\.stmcufinder\plugins\mcufinder
2024-03-19 21:10:03,610 [INFO] ApiDb:250 - Set database path to: C:\Users\orion\.stmcufinder\plugins\mcufinder//mcu/
2024-03-19 21:10:03,610 [WARN] DbFile:41 - Overriding database path with different value: C:\Users\orion\.stmcufinder\plugins\mcufinder/ => C:\Users\orion\.stmcufinder\plugins\mcufinder
2024-03-19 21:10:03,610 [INFO] DbMcusAds:125 - Set database path to: C:\Users\orion\.stmcufinder\plugins\mcufinder//mcu/
2024-03-19 21:10:03,611 [WARN] DbFile:41 - Overriding database path with different value: C:\Users\orion\.stmcufinder\plugins\mcufinder/ => C:\Users\orion\.stmcufinder\plugins\mcufinder
2024-03-19 21:10:03,611 [WARN] DbFile:41 - Overriding database path with different value: C:\Users\orion\.stmcufinder\plugins\mcufinder/ => C:\Users\orion\.stmcufinder\plugins\mcufinder
2024-03-19 21:10:03,611 [INFO] CrossReferenceDbSqlite:203 - Set database path to: C:\Users\orion\.stmcufinder\plugins\mcufinder//mcu/cs/
2024-03-19 21:10:03,705 [INFO] MainPanel:264 - HeapMemory: 268435456
2024-03-19 21:10:03,791 [INFO] DbMcusXml:78 - Set database path to: C:\ST\STM32CubeIDE_1.14.1\STM32CubeIDE\plugins\com.st.stm32cube.common.mx_6.10.0.202311202037\\db\/mcu/
2024-03-19 21:10:03,791 [INFO] ApiDb:274 - Set plugin database path to: C:\ST\STM32CubeIDE_1.14.1\STM32CubeIDE\plugins\com.st.stm32cube.common.mx_6.10.0.202311202037\\db\/plugins/boardmanager/
2024-03-19 21:10:03,792 [INFO] ApiDb:261 - Set plugin images path to: C:\ST\STM32CubeIDE_1.14.1\STM32CubeIDE\plugins\com.st.stm32cube.common.mx_6.10.0.202311202037\\db\/plugins/mcufinder/images/
2024-03-19 21:10:03,792 [WARN] DbFile:41 - Overriding database path with different value: C:\Users\orion\.stmcufinder\plugins\mcufinder/ => C:\Users\orion\.stmcufinder\plugins\mcufinder
2024-03-19 21:10:03,792 [INFO] ApiDb:250 - Set database path to: C:\Users\orion\.stmcufinder\plugins\mcufinder//mcu/
2024-03-19 21:10:03,792 [WARN] DbFile:41 - Overriding database path with different value: C:\Users\orion\.stmcufinder\plugins\mcufinder/ => C:\Users\orion\.stmcufinder\plugins\mcufinder
2024-03-19 21:10:03,793 [INFO] DbMcusAds:125 - Set database path to: C:\Users\orion\.stmcufinder\plugins\mcufinder//mcu/
2024-03-19 21:10:03,793 [WARN] DbFile:41 - Overriding database path with different value: C:\Users\orion\.stmcufinder\plugins\mcufinder/ => C:\Users\orion\.stmcufinder\plugins\mcufinder
2024-03-19 21:10:03,793 [WARN] DbFile:41 - Overriding database path with different value: C:\Users\orion\.stmcufinder\plugins\mcufinder/ => C:\Users\orion\.stmcufinder\plugins\mcufinder
2024-03-19 21:10:03,793 [INFO] CrossReferenceDbSqlite:203 - Set database path to: C:\Users\orion\.stmcufinder\plugins\mcufinder//mcu/cs/
2024-03-19 21:10:03,814 [INFO] ApplicationProperties:184 - Using Application install path: C:\ST\STM32CubeIDE_1.14.1\STM32CubeIDE\plugins\com.st.stm32cube.common.mx_6.10.0.202311202037
2024-03-19 21:10:03,817 [INFO] PluginManage:196 - Search for loadable plugins [exclusion list=, ]
2024-03-19 21:10:03,819 [INFO] PluginManage:310 - Check plugin analytics
2024-03-19 21:10:04,018 [INFO] AnalyticsPlugin:253 - Accepted Software Licenses: STM32CubeMX.6.7.0,STM32CubeMX.6.4.0,STM32CubeMX.6.8.1,STM32CubeMX.6.10.0
2024-03-19 21:10:04,018 [INFO] AnalyticsPlugin:255 - Accepted CMSIS Pack Licenses: 
2024-03-19 21:10:04,019 [INFO] AnalyticsPlugin:257 - Accepted Firmware Licenses: FW.F4.1.27.0,FW.F4.1.28.0
2024-03-19 21:10:04,022 [INFO] PluginManage:359 - Loaded plugin analytics (category:tool,tabindex:-1)
2024-03-19 21:10:04,022 [INFO] PluginManage:310 - Check plugin cadmodel
2024-03-19 21:10:04,029 [INFO] CADModel:105 - Init CAD model plugin
2024-03-19 21:10:04,030 [INFO] PluginManage:359 - Loaded plugin cadmodel (category:power,tabindex:5)
2024-03-19 21:10:04,030 [INFO] PluginManage:310 - Check plugin clock
2024-03-19 21:10:04,039 [INFO] PluginManage:359 - Loaded plugin clock (category:base,tabindex:2)
2024-03-19 21:10:04,040 [INFO] PluginManage:310 - Check plugin ddr
2024-03-19 21:10:04,042 [INFO] PluginManage:359 - Loaded plugin ddr (category:tool,tabindex:6)
2024-03-19 21:10:04,042 [INFO] PluginManage:310 - Check plugin filemanager
2024-03-19 21:10:04,229 [INFO] PluginManage:359 - Loaded plugin filemanager (category:base,tabindex:10)
2024-03-19 21:10:04,229 [INFO] PluginManage:310 - Check plugin ipmanager
2024-03-19 21:10:04,240 [INFO] PluginManage:359 - Loaded plugin ipmanager (category:base,tabindex:5)
2024-03-19 21:10:04,240 [INFO] PluginManage:310 - Check plugin lpbam
2024-03-19 21:10:04,248 [INFO] PluginManage:359 - Loaded plugin lpbam (category:base,tabindex:0)
2024-03-19 21:10:04,248 [INFO] PluginManage:310 - Check plugin memorymap
2024-03-19 21:10:04,275 [INFO] PluginManage:359 - Loaded plugin memorymap (category:base,tabindex:4)
2024-03-19 21:10:04,275 [INFO] PluginManage:310 - Check plugin pinoutandconfiguration
2024-03-19 21:10:04,300 [INFO] PluginManage:359 - Loaded plugin pinoutandconfiguration (category:base,tabindex:1)
2024-03-19 21:10:04,300 [INFO] PluginManage:310 - Check plugin pinoutconfig
2024-03-19 21:10:04,403 [WARN] SupportedApi:132 - Cannot load RTOS API schema: s4s-elt-must-match.1: The content of 'definitions' must match (annotation?, (simpleType | complexType)?, (unique | key | keyref)*)). A problem was found starting at: attribute.
2024-03-19 21:10:04,615 [INFO] PluginManage:359 - Loaded plugin pinoutconfig (category:base,tabindex:0)
2024-03-19 21:10:04,616 [INFO] PluginManage:310 - Check plugin power
2024-03-19 21:10:04,627 [INFO] PluginManage:359 - Loaded plugin power (category:power,tabindex:4)
2024-03-19 21:10:04,627 [INFO] PluginManage:310 - Check plugin projectmanager
2024-03-19 21:10:04,648 [INFO] PluginManage:359 - Loaded plugin projectmanager (category:projectmanager,tabindex:3)
2024-03-19 21:10:04,648 [INFO] PluginManage:310 - Check plugin thirdparty
2024-03-19 21:10:04,861 [WARN] IntegrityCheckThread:84 - waiting for thirdparty lock release [integrity check]
2024-03-19 21:10:04,861 [INFO] PluginManage:359 - Loaded plugin thirdparty (category:base,tabindex:-1)
2024-03-19 21:10:04,861 [INFO] IntegrityCheckThread:86 - entering critical section [integrity check]
2024-03-19 21:10:04,861 [INFO] PluginManage:310 - Check plugin tools
2024-03-19 21:10:04,862 [INFO] ThirdPartyUpdaterWithRetryManager:70 - Updater plugin not ready yet. [1/15]
2024-03-19 21:10:04,865 [INFO] PluginManage:359 - Loaded plugin tools (category:base,tabindex:7)
2024-03-19 21:10:04,865 [INFO] PluginManage:310 - Check plugin tutovideos
2024-03-19 21:10:05,156 [INFO] PluginManage:359 - Loaded plugin tutovideos (category:base,tabindex:-1)
2024-03-19 21:10:05,156 [INFO] PluginManage:310 - Check plugin updater
2024-03-19 21:10:05,180 [INFO] PluginManage:359 - Loaded plugin updater (category:base,tabindex:12)
2024-03-19 21:10:05,180 [INFO] PluginManage:310 - Check plugin userauth
2024-03-19 21:10:05,189 [INFO] UserAuth:114 - Init User Auth plugin
2024-03-19 21:10:05,189 [INFO] PluginManage:359 - Loaded plugin userauth (category:base,tabindex:14)
2024-03-19 21:10:05,189 [INFO] PluginManage:283 - PluginManage : Loaded plugins [17]
2024-03-19 21:10:05,455 [INFO] PinOutPanel:1499 - setPackage(No Configuration,No Configuration)
2024-03-19 21:10:05,557 [INFO] CADModel:165 - CPN selected for project level
2024-03-19 21:10:05,558 [INFO] CADModel:114 - Register for checkConnection events
2024-03-19 21:10:05,583 [INFO] IPUIPlugin:80 - create IPUIPlugin
2024-03-19 21:10:05,584 [INFO] PluginManager:220 - loadIPPluginJar : add adc
2024-03-19 21:10:05,587 [INFO] IPUIPlugin:80 - create IPUIPlugin
2024-03-19 21:10:05,587 [INFO] PluginManager:220 - loadIPPluginJar : add aes
2024-03-19 21:10:05,593 [INFO] IPUIPlugin:80 - create IPUIPlugin
2024-03-19 21:10:05,593 [INFO] PluginManager:220 - loadIPPluginJar : add can
2024-03-19 21:10:05,597 [INFO] IPUIPlugin:80 - create IPUIPlugin
2024-03-19 21:10:05,598 [INFO] PluginManager:220 - loadIPPluginJar : add comp
2024-03-19 21:10:05,602 [INFO] IPUIPlugin:80 - create IPUIPlugin
2024-03-19 21:10:05,602 [INFO] PluginManager:220 - loadIPPluginJar : add cryp
2024-03-19 21:10:05,607 [INFO] IPUIPlugin:80 - create IPUIPlugin
2024-03-19 21:10:05,607 [INFO] PluginManager:220 - loadIPPluginJar : add dfsdm
2024-03-19 21:10:05,614 [INFO] IPUIPlugin:80 - create IPUIPlugin
2024-03-19 21:10:05,615 [INFO] PluginManager:220 - loadIPPluginJar : add dma
2024-03-19 21:10:05,618 [INFO] IPUIPlugin:80 - create IPUIPlugin
2024-03-19 21:10:05,618 [INFO] PluginManager:220 - loadIPPluginJar : add dma3
2024-03-19 21:10:05,622 [INFO] IPUIPlugin:80 - create IPUIPlugin
2024-03-19 21:10:05,622 [INFO] PluginManager:220 - loadIPPluginJar : add fatfs
2024-03-19 21:10:05,630 [INFO] IPUIPlugin:80 - create IPUIPlugin
2024-03-19 21:10:05,631 [INFO] PluginManager:220 - loadIPPluginJar : add fmc
2024-03-19 21:10:05,638 [INFO] IPUIPlugin:80 - create IPUIPlugin
2024-03-19 21:10:05,638 [INFO] PluginManager:220 - loadIPPluginJar : add freertos
2024-03-19 21:10:05,641 [INFO] IPUIPlugin:80 - create IPUIPlugin
2024-03-19 21:10:05,641 [INFO] PluginManager:220 - loadIPPluginJar : add genericplugin
2024-03-19 21:10:05,644 [INFO] IPUIPlugin:80 - create IPUIPlugin
2024-03-19 21:10:05,645 [INFO] PluginManager:220 - loadIPPluginJar : add gfxmmu
2024-03-19 21:10:05,652 [INFO] IPUIPlugin:80 - create IPUIPlugin
2024-03-19 21:10:05,652 [INFO] PluginManager:220 - loadIPPluginJar : add gic
2024-03-19 21:10:05,659 [INFO] IPUIPlugin:80 - create IPUIPlugin
2024-03-19 21:10:05,659 [INFO] PluginManager:220 - loadIPPluginJar : add gpio
2024-03-19 21:10:05,664 [INFO] IPUIPlugin:80 - create IPUIPlugin
2024-03-19 21:10:05,665 [INFO] PluginManager:220 - loadIPPluginJar : add gtzc
2024-03-19 21:10:05,669 [INFO] IPUIPlugin:80 - create IPUIPlugin
2024-03-19 21:10:05,669 [INFO] PluginManager:220 - loadIPPluginJar : add hash
2024-03-19 21:10:05,673 [INFO] IPUIPlugin:80 - create IPUIPlugin
2024-03-19 21:10:05,673 [INFO] PluginManager:220 - loadIPPluginJar : add i2c
2024-03-19 21:10:05,677 [INFO] IPUIPlugin:80 - create IPUIPlugin
2024-03-19 21:10:05,677 [INFO] PluginManager:220 - loadIPPluginJar : add i2s
2024-03-19 21:10:05,681 [INFO] IPUIPlugin:80 - create IPUIPlugin
2024-03-19 21:10:05,681 [INFO] PluginManager:220 - loadIPPluginJar : add i3c
2024-03-19 21:10:05,685 [INFO] IPUIPlugin:80 - create IPUIPlugin
2024-03-19 21:10:05,685 [INFO] PluginManager:220 - loadIPPluginJar : add ipddr
2024-03-19 21:10:05,695 [INFO] IPUIPlugin:80 - create IPUIPlugin
2024-03-19 21:10:05,695 [INFO] PluginManager:220 - loadIPPluginJar : add linkedlist
2024-03-19 21:10:05,700 [INFO] IPUIPlugin:80 - create IPUIPlugin
2024-03-19 21:10:05,700 [INFO] PluginManager:220 - loadIPPluginJar : add lorawan
2024-03-19 21:10:05,703 [INFO] IPUIPlugin:80 - create IPUIPlugin
2024-03-19 21:10:05,703 [INFO] PluginManager:220 - loadIPPluginJar : add ltdc
2024-03-19 21:10:05,711 [INFO] IPUIPlugin:80 - create IPUIPlugin
2024-03-19 21:10:05,711 [INFO] PluginManager:220 - loadIPPluginJar : add mdma
2024-03-19 21:10:05,718 [INFO] IPUIPlugin:80 - create IPUIPlugin
2024-03-19 21:10:05,719 [INFO] PluginManager:220 - loadIPPluginJar : add nvic
2024-03-19 21:10:05,723 [INFO] IPUIPlugin:80 - create IPUIPlugin
2024-03-19 21:10:05,723 [INFO] PluginManager:220 - loadIPPluginJar : add opamp
2024-03-19 21:10:05,730 [INFO] IPUIPlugin:80 - create IPUIPlugin
2024-03-19 21:10:05,730 [INFO] PluginManager:220 - loadIPPluginJar : add openamp
2024-03-19 21:10:05,739 [INFO] IPUIPlugin:80 - create IPUIPlugin
2024-03-19 21:10:05,740 [INFO] PluginManager:220 - loadIPPluginJar : add pdm2pcm
2024-03-19 21:10:05,753 [INFO] IPUIPlugin:80 - create IPUIPlugin
2024-03-19 21:10:05,759 [INFO] PluginManager:220 - loadIPPluginJar : add plateformsettings
2024-03-19 21:10:05,765 [INFO] IPUIPlugin:80 - create IPUIPlugin
2024-03-19 21:10:05,765 [INFO] PluginManager:220 - loadIPPluginJar : add quadspi
2024-03-19 21:10:05,771 [INFO] IPUIPlugin:80 - create IPUIPlugin
2024-03-19 21:10:05,772 [INFO] PluginManager:220 - loadIPPluginJar : add resmgrutility
2024-03-19 21:10:05,776 [INFO] IPUIPlugin:80 - create IPUIPlugin
2024-03-19 21:10:05,776 [INFO] PluginManager:220 - loadIPPluginJar : add sai
2024-03-19 21:10:05,781 [INFO] IPUIPlugin:80 - create IPUIPlugin
2024-03-19 21:10:05,782 [INFO] PluginManager:220 - loadIPPluginJar : add spi
2024-03-19 21:10:05,790 [INFO] IPUIPlugin:80 - create IPUIPlugin
2024-03-19 21:10:05,790 [INFO] PluginManager:220 - loadIPPluginJar : add stm32_wpan
2024-03-19 21:10:05,797 [INFO] IPUIPlugin:80 - create IPUIPlugin
2024-03-19 21:10:05,797 [INFO] PluginManager:220 - loadIPPluginJar : add tim
2024-03-19 21:10:05,807 [INFO] IPUIPlugin:80 - create IPUIPlugin
2024-03-19 21:10:05,808 [INFO] PluginManager:220 - loadIPPluginJar : add touchsensing
2024-03-19 21:10:05,814 [INFO] IPUIPlugin:80 - create IPUIPlugin
2024-03-19 21:10:05,814 [INFO] PluginManager:220 - loadIPPluginJar : add tracer_emb
2024-03-19 21:10:05,817 [INFO] IPUIPlugin:80 - create IPUIPlugin
2024-03-19 21:10:05,817 [INFO] PluginManager:220 - loadIPPluginJar : add ts
2024-03-19 21:10:05,819 [INFO] IPUIPlugin:80 - create IPUIPlugin
2024-03-19 21:10:05,820 [INFO] PluginManager:220 - loadIPPluginJar : add tsc
2024-03-19 21:10:05,822 [INFO] IPUIPlugin:80 - create IPUIPlugin
2024-03-19 21:10:05,822 [INFO] PluginManager:220 - loadIPPluginJar : add ucpd
2024-03-19 21:10:05,827 [INFO] IPUIPlugin:80 - create IPUIPlugin
2024-03-19 21:10:05,828 [INFO] PluginManager:220 - loadIPPluginJar : add usart
2024-03-19 21:10:05,832 [INFO] IPUIPlugin:80 - create IPUIPlugin
2024-03-19 21:10:05,832 [INFO] PluginManager:220 - loadIPPluginJar : add usbx
2024-03-19 21:10:05,991 [INFO] CADModel:165 - CPN selected for project level
2024-03-19 21:10:05,992 [INFO] CADModel:114 - Register for checkConnection events
2024-03-19 21:10:05,992 [FATAL] Updater:308 - Updater called before beeing initialized
2024-03-19 21:10:05,992 [ERROR] CADModel:125 - Updater not yet initialized, retry later 
2024-03-19 21:10:06,176 [INFO] CADModel:165 - CPN selected for project level
2024-03-19 21:10:06,177 [INFO] CADModel:114 - Register for checkConnection events
2024-03-19 21:10:06,177 [FATAL] Updater:308 - Updater called before beeing initialized
2024-03-19 21:10:06,177 [ERROR] CADModel:125 - Updater not yet initialized, retry later 
2024-03-19 21:10:06,180 [FATAL] Updater:308 - Updater called before beeing initialized
2024-03-19 21:10:06,299 [FATAL] Updater:308 - Updater called before beeing initialized
2024-03-19 21:10:06,304 [INFO] DbMcusAds:53 - JSON generation date=Wed Nov 29 19:52:27 KST 2023 (1701255147349)
2024-03-19 21:10:06,304 [FATAL] Updater:308 - Updater called before beeing initialized
2024-03-19 21:10:06,378 [WARN] DetailPanel:346 - Failed to get advertising image, set to default
2024-03-19 21:10:06,488 [FATAL] Updater:308 - Updater called before beeing initialized
2024-03-19 21:10:06,490 [FATAL] Updater:308 - Updater called before beeing initialized
2024-03-19 21:10:06,490 [FATAL] Updater:308 - Updater called before beeing initialized
2024-03-19 21:10:06,490 [WARN] DetailPanel:346 - Failed to get advertising image, set to default
2024-03-19 21:10:06,491 [FATAL] Updater:308 - Updater called before beeing initialized
2024-03-19 21:10:06,548 [ERROR] Updater:1120 - MainUpdater not yet initialized. External WinMGr cannot be set.
2024-03-19 21:10:06,555 [INFO] Updater:1056 - Updater Version found : 6.10.0
2024-03-19 21:10:06,582 [INFO] ApplicationProperties:184 - Using Application install path: C:\ST\STM32CubeIDE_1.14.1\STM32CubeIDE\plugins\com.st.stm32cube.common.mx_6.10.0.202311202037
2024-03-19 21:10:07,202 [INFO] MainUpdater:2873 - connection check result : 10
2024-03-19 21:10:07,203 [INFO] MainUpdater:290 - Updater Check For Update Now.
2024-03-19 21:10:07,203 [INFO] MicroXplorer:498 - Change Database Version : DB.6.0.100
2024-03-19 21:10:07,211 [INFO] McuFinderGlobals:63 - Set McuFinder mode to 2 (CubeIDE integrated)
2024-03-19 21:10:07,382 [INFO] CheckServerUpdateThread:120 - End of CheckServer Thread
2024-03-19 21:10:07,478 [INFO] UserAuth:404 - Internet connection configuration mode: 1
2024-03-19 21:10:07,487 [INFO] JxBrowserEngine:152 - Initiate JxBrowser Engine with user profile folder
2024-03-19 21:10:08,145 [WARN] PackLoader:240 - Cannot read IP mode file for STMicroelectronics.X-CUBE-SMBUS.2.1.0
2024-03-19 21:10:08,159 [WARN] PackLoader:240 - Cannot read IP mode file for STMicroelectronics.X-CUBE-TOUCHGFX.4.23.0
2024-03-19 21:10:08,189 [WARN] PackLoader:240 - Cannot read IP mode file for STMicroelectronics.X-CUBE-AZRTOS-F7.1.1.0
2024-03-19 21:10:08,200 [WARN] PackLoader:240 - Cannot read IP mode file for STMicroelectronics.FP-SNS-MOTENV1.4.3.2
2024-03-19 21:10:08,208 [WARN] PackLoader:240 - Cannot read IP mode file for STMicroelectronics.FP-SNS-FLIGHT1.5.0.2
2024-03-19 21:10:08,216 [WARN] PackLoader:240 - Cannot read IP mode file for STMicroelectronics.X-CUBE-DISPLAY.3.0.0
2024-03-19 21:10:08,231 [WARN] PackLoader:240 - Cannot read IP mode file for STMicroelectronics.X-CUBE-BLE1.7.0.0
2024-03-19 21:10:08,240 [WARN] PackLoader:240 - Cannot read IP mode file for emotas.I-CUBE-CANOPEN.1.3.0
2024-03-19 21:10:08,259 [WARN] PackLoader:240 - Cannot read IP mode file for STMicroelectronics.X-CUBE-BLEMGR.3.1.0
2024-03-19 21:10:08,268 [WARN] PackLoader:240 - Cannot read IP mode file for STMicroelectronics.FP-SNS-SMARTAG2.1.2.0
2024-03-19 21:10:08,282 [INFO] LogOutputStream:77 - [STDOUT_REDIRECT] 1 : Invalid condition id : UX_CORESTACK_Condition cause : null
2024-03-19 21:10:08,283 [INFO] LogOutputStream:77 - [STDOUT_REDIRECT] 1 : Invalid condition id : UX_CORESTACK_Condition cause : null
2024-03-19 21:10:08,284 [INFO] LogOutputStream:77 - [STDOUT_REDIRECT] 1 : Invalid condition id : UX_CORESTACK_Condition cause : null
2024-03-19 21:10:08,286 [INFO] LogOutputStream:77 - [STDOUT_REDIRECT] 1 : Invalid condition id : UX_CORESTACK_Condition cause : null
2024-03-19 21:10:08,287 [INFO] LogOutputStream:77 - [STDOUT_REDIRECT] 1 : Invalid condition id : UX_CORESTACK_Condition cause : null
2024-03-19 21:10:08,290 [WARN] PackLoader:240 - Cannot read IP mode file for STMicroelectronics.X-CUBE-AZRTOS-WL.2.0.0
2024-03-19 21:10:08,304 [WARN] PackLoader:240 - Cannot read IP mode file for WES.I-CUBE-Cesium.1.3.0
2024-03-19 21:10:08,310 [WARN] PackLoader:240 - Cannot read IP mode file for STMicroelectronics.X-CUBE-BLE2.3.3.0
2024-03-19 21:10:08,320 [WARN] PackLoader:240 - Cannot read IP mode file for STMicroelectronics.X-CUBE-ALGOBUILD.1.3.0
2024-03-19 21:10:08,339 [WARN] PackLoader:240 - Cannot read IP mode file for STMicroelectronics.X-CUBE-AZRTOS-G0.1.1.0
2024-03-19 21:10:08,348 [WARN] PackLoader:240 - Cannot read IP mode file for STMicroelectronics.X-CUBE-NFC4.3.0.0
2024-03-19 21:10:08,356 [WARN] PackLoader:240 - Cannot read IP mode file for STMicroelectronics.X-CUBE-BLEMGR.3.0.0
2024-03-19 21:10:08,363 [WARN] PackLoader:240 - Cannot read IP mode file for STMicroelectronics.FP-ATR-SIGFOX1.3.2.0
2024-03-19 21:10:08,369 [WARN] PackLoader:240 - Cannot read IP mode file for STMicroelectronics.X-CUBE-EEPRMA1.5.1.0
2024-03-19 21:10:08,394 [WARN] PackLoader:240 - Cannot read IP mode file for SEGGER.I-CUBE-embOS.1.3.1
2024-03-19 21:10:08,425 [WARN] PackLoader:240 - Cannot read IP mode file for STMicroelectronics.X-CUBE-GNSS1.6.0.0
2024-03-19 21:10:08,444 [WARN] PackLoader:240 - Cannot read IP mode file for STMicroelectronics.X-CUBE-AZRTOS-F4.1.1.0
2024-03-19 21:10:08,453 [WARN] PackLoader:240 - Cannot read IP mode file for wolfSSL.I-CUBE-wolfSSL.5.6.6
2024-03-19 21:10:08,474 [WARN] PackLoader:240 - Cannot read IP mode file for STMicroelectronics.X-CUBE-AZRTOS-L5.2.0.0
2024-03-19 21:10:08,485 [WARN] PackLoader:240 - Cannot read IP mode file for ITTIA_DB.I-CUBE-ITTIADB.8.8.0
2024-03-19 21:10:08,492 [WARN] PackLoader:240 - Cannot read IP mode file for STMicroelectronics.X-CUBE-NFC7.1.0.1
2024-03-19 21:10:08,502 [WARN] PackLoader:240 - Cannot read IP mode file for STMicroelectronics.X-CUBE-NFC6.3.0.0
2024-03-19 21:10:08,509 [WARN] PackLoader:240 - Cannot read IP mode file for STMicroelectronics.X-CUBE-AI.8.1.0
2024-03-19 21:10:08,523 [WARN] ConditionMgr:438 - getConditionDescription Invalid condition id : LAN8742 Phy interface Condition cause : null
2024-03-19 21:10:08,524 [WARN] PackLoader:240 - Cannot read IP mode file for STMicroelectronics.X-CUBE-AZRTOS-L4.2.0.0
2024-03-19 21:10:08,525 [WARN] ConditionMgr:1039 - genDependencies : Invalid condition id : LAN8742 Phy interface Condition cause : null
2024-03-19 21:10:08,525 [WARN] ConditionMgr:1039 - genDependencies : Invalid condition id : LAN8742 Phy interface Condition cause : null
2024-03-19 21:10:08,526 [WARN] ConditionMgr:1039 - genDependencies : Invalid condition id : LAN8742 Phy interface Condition cause : null
2024-03-19 21:10:08,536 [WARN] PackLoader:240 - Cannot read IP mode file for STMicroelectronics.X-CUBE-SFXS2LP1.4.0.0
2024-03-19 21:10:08,548 [WARN] ConditionMgr:438 - getConditionDescription Invalid condition id : UX DEVICE CLASS RTOS Condition cause : null
2024-03-19 21:10:08,548 [WARN] ConditionMgr:438 - getConditionDescription Invalid condition id : UX DEVICE CLASS RTOS Condition cause : null
2024-03-19 21:10:08,550 [WARN] PackLoader:240 - Cannot read IP mode file for STMicroelectronics.X-CUBE-AZRTOS-WB.2.0.0
2024-03-19 21:10:08,550 [WARN] ConditionMgr:1039 - genDependencies : Invalid condition id : UX DEVICE CLASS RTOS Condition cause : null
2024-03-19 21:10:08,551 [WARN] ConditionMgr:1039 - genDependencies : Invalid condition id : UX DEVICE CLASS RTOS Condition cause : null
2024-03-19 21:10:08,551 [WARN] ConditionMgr:1039 - genDependencies : Invalid condition id : UX DEVICE CLASS RTOS Condition cause : null
2024-03-19 21:10:08,551 [WARN] ConditionMgr:1039 - genDependencies : Invalid condition id : UX DEVICE CLASS RTOS Condition cause : null
2024-03-19 21:10:08,551 [WARN] ConditionMgr:1039 - genDependencies : Invalid condition id : UX DEVICE CLASS RTOS Condition cause : null
2024-03-19 21:10:08,561 [WARN] PackLoader:240 - Cannot read IP mode file for STMicroelectronics.X-CUBE-SUBG2.5.0.0
2024-03-19 21:10:08,585 [WARN] PackLoader:240 - Cannot read IP mode file for STMicroelectronics.X-CUBE-AZRTOS-G4.2.0.0
2024-03-19 21:10:08,602 [WARN] PackLoader:240 - Cannot read IP mode file for Infineon.AIROC-Wi-Fi-Bluetooth-STM32.1.5.1
2024-03-19 21:10:08,611 [WARN] PackLoader:240 - Cannot read IP mode file for STMicroelectronics.FP-SNS-MOTENVWB1.1.3.1
2024-03-19 21:10:08,616 [WARN] PackLoader:240 - Cannot read IP mode file for STMicroelectronics.X-CUBE-ISPU.2.0.0
2024-03-19 21:10:08,653 [WARN] PackLoader:240 - Cannot read IP mode file for STMicroelectronics.X-CUBE-MEMS1.10.0.0
2024-03-19 21:10:08,755 [WARN] PackLoader:240 - Cannot read IP mode file for STMicroelectronics.X-CUBE-FREERTOS.1.1.0
2024-03-19 21:10:08,762 [WARN] PackLoader:240 - Cannot read IP mode file for portGmbH.I-Cube-SoM-uGOAL.1.1.0
2024-03-19 21:10:08,769 [WARN] PackLoader:240 - Cannot read IP mode file for STMicroelectronics.X-CUBE-ALS.1.0.1
2024-03-19 21:10:08,774 [WARN] PackLoader:240 - Cannot read IP mode file for STMicroelectronics.FP-ATR-ASTRA1.2.0.0
2024-03-19 21:10:08,795 [WARN] PackLoader:240 - Cannot read IP mode file for STMicroelectronics.X-CUBE-TOF1.3.4.0
2024-03-19 21:10:08,817 [WARN] PackLoader:240 - Cannot read IP mode file for STMicroelectronics.X-CUBE-TOF1.3.4.1
2024-03-19 21:10:08,845 [WARN] PackLoader:240 - Cannot read IP mode file for STMicroelectronics.X-CUBE-AZRTOS-H7.3.2.0
2024-03-19 21:10:08,848 [INFO] ThirdParty:978 - Integrity check success = true
2024-03-19 21:10:08,848 [INFO] IntegrityCheckThread:100 - exiting critical section [integrity check]
2024-03-19 21:10:08,848 [INFO] IntegrityCheckThread:103 - End integrity checks thread
2024-03-19 21:10:09,317 [INFO] WebApp:161 - Instantiating new browser for Auth
2024-03-19 21:10:09,842 [INFO] WebApp:780 - Register for checkConnection events
2024-03-19 21:10:09,842 [INFO] WebApp:414 - Apply proxy settings
2024-03-19 21:10:09,842 [INFO] WebApp:499 - Chromium requires no authentication
2024-03-19 21:10:09,848 [INFO] WebApp:442 - Direct internet connection detected
2024-03-19 21:10:09,985 [INFO] WebApp:192 - Starting web application
2024-03-19 21:10:09,985 [INFO] WebApp:544 - Web application path used C:\ST\STM32CubeIDE_1.14.1\STM32CubeIDE\plugins\com.st.stm32cube.common.mx_6.10.0.202311202037\db\plugins\mcufinder\reactClient1\index.html
2024-03-19 21:10:30,633 [ERROR] LogOutputStream:75 - [STDERR_REDIRECT] SLF4J: Failed to load class "org.slf4j.impl.StaticLoggerBinder".
2024-03-19 21:10:30,633 [ERROR] LogOutputStream:75 - [STDERR_REDIRECT] SLF4J: Defaulting to no-operation (NOP) logger implementation
2024-03-19 21:10:30,635 [ERROR] LogOutputStream:75 - [STDERR_REDIRECT] SLF4J: See http://www.slf4j.org/codes.html#StaticLoggerBinder for further details.
2024-03-19 21:20:26,968 [ERROR] LogOutputStream:75 - [STDERR_REDIRECT] 
